2017-06-06 00:32:22 go into config
2017-06-06 00:32:22 go into if
2017-06-06 00:32:22 Common not exists
2017-06-06 00:32:23 go into config
2017-06-06 00:32:23 go into if
2017-06-06 00:32:23 Common not exists
2017-06-06 00:32:23 go into config
2017-06-06 00:32:23 go into if
2017-06-06 00:32:23 Common not exists
2017-06-06 00:32:23 Finish!
2017-06-06 00:32:23 Finish!
2017-06-06 00:32:23 go into config
2017-06-06 00:32:23 go into if
2017-06-06 00:32:23 Common not exists
2017-06-06 00:32:24 Finish!
2017-06-06 00:32:26 go into config
2017-06-06 00:32:26 go into if
2017-06-06 00:32:26 Common not exists
2017-06-06 00:32:33 go into config
2017-06-06 00:32:34 go into if
2017-06-06 00:32:34 Common not exists
2017-06-06 00:32:34 go into config
2017-06-06 00:32:34 go into if
2017-06-06 00:32:34 Common not exists
2017-06-06 00:32:34 go into config
2017-06-06 00:32:34 go into if
2017-06-06 00:32:34 Common not exists
2017-06-06 00:32:34 Finish!
2017-06-06 00:32:34 Finish!
2017-06-06 00:32:34 go into config
2017-06-06 00:32:34 go into if
2017-06-06 00:32:34 Common not exists
2017-06-06 00:32:35 Finish!
2017-06-06 00:32:38 go into config
2017-06-06 00:32:38 go into if
2017-06-06 00:32:38 Common not exists
2017-06-06 00:34:45 go into config
2017-06-06 00:34:45 go into if
2017-06-06 00:34:45 Common not exists
2017-06-06 00:34:45 Finish!
2017-06-06 00:34:46 go into config
2017-06-06 00:34:46 go into if
2017-06-06 00:34:46 Common not exists
2017-06-06 00:34:46 Finish!
2017-06-06 00:34:54 go into config
2017-06-06 00:34:54 go into if
2017-06-06 00:34:54 Common not exists
2017-06-06 00:34:54 Finish!
2017-06-06 00:56:01 go into config
2017-06-06 00:56:01 go into if
2017-06-06 00:56:01 Common not exists
2017-06-06 00:56:01 Finish!
2017-06-06 00:56:02 go into config
2017-06-06 00:56:02 go into if
2017-06-06 00:56:02 Common not exists
2017-06-06 00:56:02 Finish!
2017-06-06 00:56:05 go into config
2017-06-06 00:56:05 go into if
2017-06-06 00:56:05 Common not exists
2017-06-06 00:56:05 Finish!
2017-06-06 00:56:37 go into config
2017-06-06 00:56:37 go into if
2017-06-06 00:56:37 Common not exists
2017-06-06 00:56:37 Finish!
2017-06-06 00:56:37 go into config
2017-06-06 00:56:37 go into if
2017-06-06 00:56:37 Common not exists
2017-06-06 00:56:37 Finish!
2017-06-06 00:56:39 go into config
2017-06-06 00:56:39 go into if
2017-06-06 00:56:39 Common not exists
2017-06-06 00:56:39 Finish!
2017-06-06 04:31:43 go into config
2017-06-06 04:31:43 go into if
2017-06-06 04:31:43 Common not exists
2017-06-06 04:31:43 Finish!
2017-06-06 04:31:43 go into config
2017-06-06 04:31:43 go into if
2017-06-06 04:31:43 Common not exists
2017-06-06 04:31:43 Finish!
2017-06-06 04:31:47 go into config
2017-06-06 04:31:47 go into if
2017-06-06 04:31:47 Common not exists
2017-06-06 04:31:47 Finish!
2017-06-06 04:31:49 go into config
2017-06-06 04:31:49 go into if
2017-06-06 04:31:49 Common not exists
2017-06-06 04:31:49 Finish!
2017-06-06 04:34:38 go into config
2017-06-06 04:34:38 go into if
2017-06-06 04:34:38 Common not exists
2017-06-06 04:34:38 Finish!
2017-06-06 04:36:42 go into config
2017-06-06 04:36:42 go into if
2017-06-06 04:36:42 Common not exists
2017-06-06 04:36:43 go into config
2017-06-06 04:36:43 go into if
2017-06-06 04:36:43 Common not exists
2017-06-06 04:36:43 Finish!
2017-06-06 04:36:43 go into config
2017-06-06 04:36:43 go into if
2017-06-06 04:36:43 Common not exists
2017-06-06 04:36:44 Finish!
2017-06-06 04:36:46 go into config
2017-06-06 04:36:46 go into if
2017-06-06 04:36:46 Common not exists
2017-06-06 04:36:49 go into config
2017-06-06 04:36:49 go into if
2017-06-06 04:36:49 Common not exists
2017-06-06 04:36:56 go into config
2017-06-06 04:36:56 go into if
2017-06-06 04:36:56 Common not exists
2017-06-06 04:37:22 go into config
2017-06-06 04:37:22 go into if
2017-06-06 04:37:22 Common not exists
2017-06-06 04:37:23 go into config
2017-06-06 04:37:23 go into if
2017-06-06 04:37:23 Common not exists
2017-06-06 04:37:23 go into config
2017-06-06 04:37:23 Finish!
2017-06-06 04:37:23 go into if
2017-06-06 04:37:23 Common not exists
2017-06-06 04:37:23 Finish!
2017-06-06 04:37:23 go into config
2017-06-06 04:37:23 go into if
2017-06-06 04:37:23 Common not exists
2017-06-06 04:37:24 Finish!
2017-06-06 04:37:26 go into config
2017-06-06 04:37:26 go into if
2017-06-06 04:37:26 Common not exists
2017-06-06 04:37:32 go into config
2017-06-06 04:37:32 go into if
2017-06-06 04:37:32 Common not exists
2017-06-06 04:37:36 go into config
2017-06-06 04:37:36 go into if
2017-06-06 04:37:36 Common not exists
2017-06-06 05:10:33 go into config
2017-06-06 05:10:33 go into if
2017-06-06 05:10:33 Common not exists
2017-06-06 05:10:33 go into config
2017-06-06 05:10:33 go into if
2017-06-06 05:10:33 Common not exists
2017-06-06 05:10:34 go into config
2017-06-06 05:10:34 go into if
2017-06-06 05:10:34 Common not exists
2017-06-06 05:10:34 Finish!
2017-06-06 05:10:34 Finish!
2017-06-06 05:10:34 go into config
2017-06-06 05:10:34 go into if
2017-06-06 05:10:34 Common not exists
2017-06-06 05:10:35 Finish!
2017-06-06 05:10:38 go into config
2017-06-06 05:10:38 go into if
2017-06-06 05:10:38 Common not exists
2017-06-06 05:47:28 go into config
2017-06-06 05:47:28 go into if
2017-06-06 05:47:28 Common not exists
2017-06-06 05:47:28 go into config
2017-06-06 05:47:28 go into if
2017-06-06 05:47:28 Common not exists
2017-06-06 05:47:29 Finish!
2017-06-06 05:47:29 go into config
2017-06-06 05:47:29 go into if
2017-06-06 05:47:29 Common not exists
2017-06-06 05:47:29 Finish!
2017-06-06 05:47:33 go into config
2017-06-06 05:47:33 go into if
2017-06-06 05:47:33 Common not exists
2017-06-06 05:47:41 go into config
2017-06-06 05:47:41 go into if
2017-06-06 05:47:41 Common not exists
2017-06-06 05:47:44 go into config
2017-06-06 05:47:44 go into if
2017-06-06 05:47:44 Common not exists
2017-06-06 05:47:46 go into config
2017-06-06 05:47:46 go into if
2017-06-06 05:47:46 Common not exists
2017-06-06 05:47:48 go into config
2017-06-06 05:47:48 go into if
2017-06-06 05:47:48 Common not exists
2017-06-06 05:47:50 go into config
2017-06-06 05:47:50 go into if
2017-06-06 05:47:50 Common not exists
2017-06-06 05:47:52 go into config
2017-06-06 05:47:52 go into if
2017-06-06 05:47:52 Common not exists
2017-06-06 05:47:53 go into config
2017-06-06 05:47:53 go into if
2017-06-06 05:47:53 Common not exists
2017-06-06 05:47:59 go into config
2017-06-06 05:47:59 go into if
2017-06-06 05:47:59 Common not exists
2017-06-06 05:48:01 go into config
2017-06-06 05:48:01 go into if
2017-06-06 05:48:01 Common not exists
2017-06-06 05:48:03 go into config
2017-06-06 05:48:03 go into if
2017-06-06 05:48:03 Common not exists
2017-06-06 05:48:12 go into config
2017-06-06 05:48:12 go into if
2017-06-06 05:48:12 Common not exists
2017-06-06 05:48:38 go into config
2017-06-06 05:48:38 go into if
2017-06-06 05:48:38 Common not exists
2017-06-06 05:48:38 Finish!
2017-06-06 05:48:38 go into config
2017-06-06 05:48:38 go into if
2017-06-06 05:48:38 Common not exists
2017-06-06 05:48:38 Finish!
2017-06-06 05:48:42 go into config
2017-06-06 05:48:42 go into if
2017-06-06 05:48:42 Common not exists
2017-06-06 05:48:42 Finish!
2017-06-06 06:24:36 go into config
2017-06-06 06:24:36 go into if
2017-06-06 06:24:36 Common not exists
2017-06-06 06:24:36 go into config
2017-06-06 06:24:36 go into if
2017-06-06 06:24:36 Common not exists
2017-06-06 06:24:36 go into config
2017-06-06 06:24:36 go into if
2017-06-06 06:24:36 Common not exists
2017-06-06 06:24:36 go into config
2017-06-06 06:24:36 go into if
2017-06-06 06:24:36 Common not exists
2017-06-06 06:24:36 Finish!
2017-06-06 06:24:36 Finish!
2017-06-06 06:24:36 Finish!
2017-06-06 06:24:37 go into config
2017-06-06 06:24:37 go into if
2017-06-06 06:24:37 Common not exists
2017-06-06 06:24:37 Finish!
2017-06-06 06:24:40 go into config
2017-06-06 06:24:40 go into if
2017-06-06 06:24:40 Common not exists
2017-06-06 06:25:12 go into config
2017-06-06 06:25:12 go into if
2017-06-06 06:25:12 Common not exists
2017-06-06 06:25:15 go into config
2017-06-06 06:25:15 go into if
2017-06-06 06:25:15 Common not exists
2017-06-06 06:25:16 go into config
2017-06-06 06:25:16 go into if
2017-06-06 06:25:16 Common not exists
2017-06-06 06:25:17 go into config
2017-06-06 06:25:17 go into if
2017-06-06 06:25:17 Common not exists
2017-06-06 06:25:17 go into config
2017-06-06 06:25:17 go into if
2017-06-06 06:25:17 Common not exists
2017-06-06 06:25:18 go into config
2017-06-06 06:25:18 go into if
2017-06-06 06:25:18 Common not exists
2017-06-06 06:25:18 Finish!
2017-06-06 06:25:18 Finish!
2017-06-06 06:25:18 go into config
2017-06-06 06:25:18 go into if
2017-06-06 06:25:18 Common not exists
2017-06-06 06:25:19 Finish!
2017-06-06 07:17:45 go into config
2017-06-06 07:17:45 go into if
2017-06-06 07:17:45 Common not exists
2017-06-06 07:17:49 go into config
2017-06-06 07:17:49 go into if
2017-06-06 07:17:49 Common not exists
2017-06-06 07:26:00 go into config
2017-06-06 07:26:00 go into if
2017-06-06 07:26:00 Common not exists
2017-06-06 07:26:00 go into config
2017-06-06 07:26:00 go into if
2017-06-06 07:26:00 Common not exists
2017-06-06 07:26:00 Finish!
2017-06-06 07:26:00 go into config
2017-06-06 07:26:00 go into if
2017-06-06 07:26:00 Common not exists
2017-06-06 07:26:01 Finish!
2017-06-06 07:26:03 go into config
2017-06-06 07:26:03 go into if
2017-06-06 07:26:03 Common not exists
2017-06-06 07:28:09 go into config
2017-06-06 07:28:09 go into if
2017-06-06 07:28:09 Common not exists
2017-06-06 07:28:09 Finish!
2017-06-06 07:28:09 go into config
2017-06-06 07:28:09 go into if
2017-06-06 07:28:09 Common not exists
2017-06-06 07:28:09 Finish!
2017-06-06 07:28:12 go into config
2017-06-06 07:28:12 go into if
2017-06-06 07:28:12 Common not exists
2017-06-06 07:28:12 Finish!
2017-06-06 07:28:59 go into config
2017-06-06 07:28:59 go into if
2017-06-06 07:28:59 Common not exists
2017-06-06 07:28:59 Finish!
2017-06-06 07:29:00 go into config
2017-06-06 07:29:00 go into if
2017-06-06 07:29:00 Common not exists
2017-06-06 07:29:00 Finish!
2017-06-06 07:29:03 go into config
2017-06-06 07:29:03 go into if
2017-06-06 07:29:03 Common not exists
2017-06-06 07:29:03 Finish!
2017-06-06 07:32:02 go into config
2017-06-06 07:32:02 go into if
2017-06-06 07:32:02 Common not exists
2017-06-06 07:32:02 Finish!
2017-06-06 07:32:02 go into config
2017-06-06 07:32:02 go into if
2017-06-06 07:32:02 Common not exists
2017-06-06 07:32:02 Finish!
2017-06-06 07:32:04 go into config
2017-06-06 07:32:04 go into if
2017-06-06 07:32:04 Common not exists
2017-06-06 07:32:04 Finish!
2017-06-06 07:35:09 go into config
2017-06-06 07:35:09 go into if
2017-06-06 07:35:09 Common not exists
2017-06-06 07:35:09 Finish!
2017-06-06 07:35:12 go into config
2017-06-06 07:35:12 go into if
2017-06-06 07:35:12 Common not exists
2017-06-06 07:35:12 Finish!
2017-06-06 07:35:14 go into config
2017-06-06 07:35:14 go into if
2017-06-06 07:35:14 Common not exists
2017-06-06 07:35:14 Finish!
2017-06-06 07:35:46 go into config
2017-06-06 07:35:46 go into if
2017-06-06 07:35:46 Common not exists
2017-06-06 07:37:23 go into config
2017-06-06 07:37:23 go into if
2017-06-06 07:37:23 Common not exists
2017-06-06 07:37:24 go into config
2017-06-06 07:37:24 go into if
2017-06-06 07:37:24 Common not exists
2017-06-06 07:37:24 Finish!
2017-06-06 07:37:24 go into config
2017-06-06 07:37:24 go into if
2017-06-06 07:37:24 Common not exists
2017-06-06 07:37:25 Finish!
2017-06-06 07:37:28 go into config
2017-06-06 07:37:28 go into if
2017-06-06 07:37:28 Common not exists
2017-06-06 07:37:53 go into config
2017-06-06 07:37:53 go into if
2017-06-06 07:37:53 Common not exists
2017-06-06 07:37:53 go into config
2017-06-06 07:37:53 go into if
2017-06-06 07:37:53 Common not exists
2017-06-06 07:37:53 Finish!
2017-06-06 07:37:53 go into config
2017-06-06 07:37:53 go into if
2017-06-06 07:37:53 Common not exists
2017-06-06 07:37:54 Finish!
2017-06-06 07:38:06 go into config
2017-06-06 07:38:06 go into if
2017-06-06 07:38:06 Common not exists
2017-06-06 07:39:07 go into config
2017-06-06 07:39:07 go into if
2017-06-06 07:39:07 Common not exists
2017-06-06 07:39:07 Finish!
2017-06-06 07:39:07 go into config
2017-06-06 07:39:07 go into if
2017-06-06 07:39:07 Common not exists
2017-06-06 07:39:07 Finish!
2017-06-06 07:39:17 go into config
2017-06-06 07:39:17 go into if
2017-06-06 07:39:17 Common not exists
2017-06-06 07:39:48 go into config
2017-06-06 07:39:48 go into if
2017-06-06 07:39:48 Common not exists
2017-06-06 07:39:48 Finish!
2017-06-06 07:39:55 go into config
2017-06-06 07:39:55 go into if
2017-06-06 07:39:55 Common not exists
2017-06-06 07:39:55 Finish!
2017-06-06 07:40:24 go into config
2017-06-06 07:40:24 go into if
2017-06-06 07:40:24 Common not exists
2017-06-06 07:40:24 Finish!
2017-06-06 07:40:24 go into config
2017-06-06 07:40:24 go into if
2017-06-06 07:40:24 Common not exists
2017-06-06 07:40:25 Finish!
2017-06-06 07:40:27 go into config
2017-06-06 07:40:27 go into if
2017-06-06 07:40:27 Common not exists
2017-06-06 07:40:27 Finish!
2017-06-06 07:41:15 go into config
2017-06-06 07:41:15 go into if
2017-06-06 07:41:15 Common not exists
2017-06-06 07:41:15 Finish!
2017-06-06 07:41:15 go into config
2017-06-06 07:41:15 go into if
2017-06-06 07:41:15 Common not exists
2017-06-06 07:41:15 Finish!
2017-06-06 07:41:21 go into config
2017-06-06 07:41:21 go into if
2017-06-06 07:41:21 Common not exists
2017-06-06 07:41:21 Finish!
2017-06-06 07:42:40 go into config
2017-06-06 07:42:40 go into if
2017-06-06 07:42:40 Common not exists
2017-06-06 07:42:40 Finish!
2017-06-06 07:43:20 go into config
2017-06-06 07:43:20 go into if
2017-06-06 07:43:20 Common not exists
2017-06-06 07:43:20 go into config
2017-06-06 07:43:20 go into if
2017-06-06 07:43:20 Common not exists
2017-06-06 07:43:20 go into config
2017-06-06 07:43:21 Finish!
2017-06-06 07:43:21 go into if
2017-06-06 07:43:21 Common not exists
2017-06-06 07:43:21 Finish!
2017-06-06 07:43:21 go into config
2017-06-06 07:43:21 go into if
2017-06-06 07:43:21 Common not exists
2017-06-06 07:43:21 Finish!
2017-06-06 07:43:29 go into config
2017-06-06 07:43:29 go into if
2017-06-06 07:43:29 Common not exists
2017-06-06 07:43:45 go into config
2017-06-06 07:43:45 go into if
2017-06-06 07:43:45 Common not exists
2017-06-06 07:43:45 go into config
2017-06-06 07:43:45 Finish!
2017-06-06 07:43:45 go into if
2017-06-06 07:43:45 Common not exists
2017-06-06 07:43:46 Finish!
2017-06-06 07:43:46 go into config
2017-06-06 07:43:46 go into if
2017-06-06 07:43:46 Common not exists
2017-06-06 07:43:46 Finish!
2017-06-06 07:43:50 go into config
2017-06-06 07:43:50 go into if
2017-06-06 07:43:50 Common not exists
2017-06-06 07:43:50 go into config
2017-06-06 07:43:50 Finish!
2017-06-06 07:43:50 go into if
2017-06-06 07:43:50 Common not exists
2017-06-06 07:43:50 Finish!
2017-06-06 07:43:50 go into config
2017-06-06 07:43:50 go into if
2017-06-06 07:43:50 Common not exists
2017-06-06 07:43:51 Finish!
2017-06-06 07:43:54 go into config
2017-06-06 07:43:54 go into if
2017-06-06 07:43:54 Common not exists
2017-06-06 07:43:54 go into config
2017-06-06 07:43:54 Finish!
2017-06-06 07:43:54 go into if
2017-06-06 07:43:54 Common not exists
2017-06-06 07:43:54 Finish!
2017-06-06 07:43:55 go into config
2017-06-06 07:43:55 go into if
2017-06-06 07:43:55 Common not exists
2017-06-06 07:43:55 Finish!
2017-06-06 07:44:12 go into config
2017-06-06 07:44:12 go into if
2017-06-06 07:44:12 Common not exists
2017-06-06 07:44:13 go into config
2017-06-06 07:44:13 go into if
2017-06-06 07:44:13 Common not exists
2017-06-06 07:44:13 go into config
2017-06-06 07:44:13 Finish!
2017-06-06 07:44:13 go into if
2017-06-06 07:44:13 Common not exists
2017-06-06 07:44:13 Finish!
2017-06-06 07:44:13 go into config
2017-06-06 07:44:13 go into if
2017-06-06 07:44:13 Common not exists
2017-06-06 07:44:14 Finish!
2017-06-06 07:44:16 go into config
2017-06-06 07:44:16 go into if
2017-06-06 07:44:16 Common not exists
2017-06-06 07:44:17 go into config
2017-06-06 07:44:17 go into if
2017-06-06 07:44:17 Common not exists
2017-06-06 07:44:20 go into config
2017-06-06 07:44:20 go into if
2017-06-06 07:44:20 Common not exists
2017-06-06 07:44:20 Finish!
2017-06-06 07:44:20 go into config
2017-06-06 07:44:20 go into if
2017-06-06 07:44:20 Common not exists
2017-06-06 07:44:20 Finish!
2017-06-06 07:44:22 go into config
2017-06-06 07:44:22 go into if
2017-06-06 07:44:22 Common not exists
2017-06-06 07:44:22 Finish!
2017-06-06 07:44:23 go into config
2017-06-06 07:44:23 go into if
2017-06-06 07:44:23 Common not exists
2017-06-06 07:44:30 go into config
2017-06-06 07:44:30 go into if
2017-06-06 07:44:30 Common not exists
2017-06-06 07:44:30 go into config
2017-06-06 07:44:30 Finish!
2017-06-06 07:44:30 go into if
2017-06-06 07:44:30 Common not exists
2017-06-06 07:44:30 Finish!
2017-06-06 07:44:31 go into config
2017-06-06 07:44:31 go into if
2017-06-06 07:44:31 Common not exists
2017-06-06 07:44:31 Finish!
2017-06-06 07:44:36 go into config
2017-06-06 07:44:36 go into if
2017-06-06 07:44:36 Common not exists
2017-06-06 07:44:36 Finish!
2017-06-06 07:44:37 go into config
2017-06-06 07:44:37 go into if
2017-06-06 07:44:37 Common not exists
2017-06-06 07:44:37 go into config
2017-06-06 07:44:37 go into if
2017-06-06 07:44:37 Common not exists
2017-06-06 07:44:37 go into config
2017-06-06 07:44:37 go into config
2017-06-06 07:44:37 Finish!
2017-06-06 07:44:37 go into if
2017-06-06 07:44:37 Common not exists
2017-06-06 07:44:38 Finish!
2017-06-06 07:44:38 go into if
2017-06-06 07:44:38 Common not exists
2017-06-06 07:44:38 Finish!
2017-06-06 07:44:38 go into config
2017-06-06 07:44:38 go into if
2017-06-06 07:44:38 Common not exists
2017-06-06 07:44:38 Finish!
2017-06-06 07:44:46 go into config
2017-06-06 07:44:46 go into if
2017-06-06 07:44:46 Common not exists
2017-06-06 07:44:56 go into config
2017-06-06 07:44:56 go into if
2017-06-06 07:44:56 Common not exists
2017-06-06 07:44:56 go into config
2017-06-06 07:44:56 Finish!
2017-06-06 07:44:56 go into if
2017-06-06 07:44:56 Common not exists
2017-06-06 07:44:56 Finish!
2017-06-06 07:45:00 go into config
2017-06-06 07:45:00 go into if
2017-06-06 07:45:00 Common not exists
2017-06-06 07:45:00 Finish!
2017-06-06 07:45:00 go into config
2017-06-06 07:45:00 go into if
2017-06-06 07:45:00 Common not exists
2017-06-06 07:45:00 Finish!
2017-06-06 07:45:06 go into config
2017-06-06 07:45:06 go into if
2017-06-06 07:45:06 Common not exists
2017-06-06 07:45:06 Finish!
2017-06-06 07:45:50 go into config
2017-06-06 07:45:50 go into if
2017-06-06 07:45:50 Common not exists
2017-06-06 07:45:50 Finish!
2017-06-06 07:47:50 go into config
2017-06-06 07:47:50 go into if
2017-06-06 07:47:50 Common not exists
2017-06-06 07:47:50 Finish!
2017-06-06 07:47:50 go into config
2017-06-06 07:47:50 go into if
2017-06-06 07:47:50 Common not exists
2017-06-06 07:47:50 Finish!
2017-06-06 07:47:54 go into config
2017-06-06 07:47:54 go into if
2017-06-06 07:47:54 Common not exists
2017-06-06 07:47:54 Finish!
2017-06-06 07:48:06 go into config
2017-06-06 07:48:06 go into if
2017-06-06 07:48:06 Common not exists
2017-06-06 07:48:06 Finish!
2017-06-06 07:49:22 go into config
2017-06-06 07:49:22 go into if
2017-06-06 07:49:22 Common not exists
2017-06-06 07:54:12 go into config
2017-06-06 07:54:12 go into if
2017-06-06 07:54:12 Common not exists
2017-06-06 07:54:13 go into config
2017-06-06 07:54:13 go into if
2017-06-06 07:54:13 Common not exists
2017-06-06 07:54:13 Finish!
2017-06-06 07:54:13 go into config
2017-06-06 07:54:13 go into if
2017-06-06 07:54:13 Common not exists
2017-06-06 07:54:13 Finish!
2017-06-06 07:54:17 go into config
2017-06-06 07:54:17 go into if
2017-06-06 07:54:17 Common not exists
2017-06-06 07:55:14 go into config
2017-06-06 07:55:14 go into if
2017-06-06 07:55:14 Common not exists
2017-06-06 07:55:15 go into config
2017-06-06 07:55:15 go into if
2017-06-06 07:55:15 Common not exists
2017-06-06 07:55:15 Finish!
2017-06-06 07:55:15 go into config
2017-06-06 07:55:15 go into if
2017-06-06 07:55:15 Common not exists
2017-06-06 07:55:15 Finish!
2017-06-06 07:55:19 go into config
2017-06-06 07:55:19 go into if
2017-06-06 07:55:19 Common not exists
2017-06-06 07:55:22 go into config
2017-06-06 07:55:22 go into if
2017-06-06 07:55:22 Common not exists
2017-06-06 07:55:24 go into config
2017-06-06 07:55:24 go into if
2017-06-06 07:55:24 Common not exists
2017-06-06 07:59:37 go into config
2017-06-06 07:59:37 go into if
2017-06-06 07:59:37 Common not exists
2017-06-06 07:59:38 go into config
2017-06-06 07:59:38 go into if
2017-06-06 07:59:38 Common not exists
2017-06-06 07:59:38 go into config
2017-06-06 07:59:38 go into if
2017-06-06 07:59:38 Common not exists
2017-06-06 07:59:38 go into config
2017-06-06 07:59:38 go into if
2017-06-06 07:59:38 Common not exists
2017-06-06 07:59:38 Finish!
2017-06-06 07:59:38 Finish!
2017-06-06 07:59:38 Finish!
2017-06-06 07:59:38 go into config
2017-06-06 07:59:38 go into if
2017-06-06 07:59:38 Common not exists
2017-06-06 07:59:39 Finish!
2017-06-06 07:59:42 go into config
2017-06-06 07:59:42 go into if
2017-06-06 07:59:42 Common not exists
2017-06-06 07:59:45 go into config
2017-06-06 07:59:45 go into if
2017-06-06 07:59:45 Common not exists
2017-06-06 07:59:54 go into config
2017-06-06 07:59:54 go into if
2017-06-06 07:59:54 Common not exists
2017-06-06 07:59:57 go into config
2017-06-06 07:59:57 go into if
2017-06-06 07:59:57 Common not exists
2017-06-06 08:00:49 go into config
2017-06-06 08:00:49 go into if
2017-06-06 08:00:49 Common not exists
2017-06-06 08:00:49 Finish!
2017-06-06 08:07:50 go into config
2017-06-06 08:07:50 go into if
2017-06-06 08:07:50 Common not exists
2017-06-06 08:07:50 go into config
2017-06-06 08:07:50 go into if
2017-06-06 08:07:50 Common not exists
2017-06-06 08:07:50 go into config
2017-06-06 08:07:51 go into config
2017-06-06 08:07:51 Finish!
2017-06-06 08:07:51 go into if
2017-06-06 08:07:51 Common not exists
2017-06-06 08:07:51 Finish!
2017-06-06 08:07:51 go into if
2017-06-06 08:07:51 Common not exists
2017-06-06 08:07:51 Finish!
2017-06-06 08:07:51 go into config
2017-06-06 08:07:51 go into if
2017-06-06 08:07:51 Common not exists
2017-06-06 08:07:52 Finish!
2017-06-06 08:11:23 go into config
2017-06-06 08:11:23 go into if
2017-06-06 08:11:23 Common not exists
2017-06-06 08:11:23 go into config
2017-06-06 08:11:23 go into if
2017-06-06 08:11:23 Common not exists
2017-06-06 08:11:23 go into config
2017-06-06 08:11:24 Finish!
2017-06-06 08:11:24 go into if
2017-06-06 08:11:24 Common not exists
2017-06-06 08:11:24 Finish!
2017-06-06 08:11:24 go into config
2017-06-06 08:11:24 go into if
2017-06-06 08:11:24 Common not exists
2017-06-06 08:11:24 Finish!
2017-06-06 08:11:38 go into config
2017-06-06 08:11:38 go into if
2017-06-06 08:11:38 Common not exists
2017-06-06 08:11:42 go into config
2017-06-06 08:11:42 go into if
2017-06-06 08:11:42 Common not exists
2017-06-06 08:11:47 go into config
2017-06-06 08:11:47 go into if
2017-06-06 08:11:47 Common not exists
2017-06-06 08:13:09 go into config
2017-06-06 08:13:09 go into if
2017-06-06 08:13:09 Common not exists
2017-06-06 08:13:09 go into config
2017-06-06 08:13:09 go into if
2017-06-06 08:13:09 Common not exists
2017-06-06 08:13:09 go into config
2017-06-06 08:13:09 go into config
2017-06-06 08:13:09 Finish!
2017-06-06 08:13:09 go into if
2017-06-06 08:13:09 Common not exists
2017-06-06 08:13:10 Finish!
2017-06-06 08:13:10 go into if
2017-06-06 08:13:10 Common not exists
2017-06-06 08:13:10 Finish!
2017-06-06 08:13:10 go into config
2017-06-06 08:13:10 go into if
2017-06-06 08:13:10 Common not exists
2017-06-06 08:13:10 Finish!
2017-06-06 08:13:14 go into config
2017-06-06 08:13:14 go into if
2017-06-06 08:13:14 Common not exists
2017-06-06 08:13:23 go into config
2017-06-06 08:13:23 go into if
2017-06-06 08:13:23 Common not exists
2017-06-06 08:13:24 go into config
2017-06-06 08:13:24 Finish!
2017-06-06 08:13:24 go into if
2017-06-06 08:13:24 Common not exists
2017-06-06 08:13:24 Finish!
2017-06-06 08:13:24 go into config
2017-06-06 08:13:24 go into if
2017-06-06 08:13:24 Common not exists
2017-06-06 08:13:25 Finish!
2017-06-06 08:13:31 go into config
2017-06-06 08:13:31 go into if
2017-06-06 08:13:31 Common not exists
2017-06-06 08:13:31 go into config
2017-06-06 08:13:31 go into if
2017-06-06 08:13:31 Common not exists
2017-06-06 08:13:32 Finish!
2017-06-06 08:13:32 go into config
2017-06-06 08:13:32 go into if
2017-06-06 08:13:32 Common not exists
2017-06-06 08:13:32 Finish!
2017-06-06 08:13:35 go into config
2017-06-06 08:13:35 go into if
2017-06-06 08:13:35 Common not exists
2017-06-06 08:14:17 go into config
2017-06-06 08:14:17 go into if
2017-06-06 08:14:17 Common not exists
2017-06-06 08:14:17 Finish!
2017-06-06 08:14:17 go into config
2017-06-06 08:14:17 go into if
2017-06-06 08:14:17 Common not exists
2017-06-06 08:14:18 Finish!
2017-06-06 08:14:20 go into config
2017-06-06 08:14:20 go into if
2017-06-06 08:14:20 Common not exists
2017-06-06 08:14:20 Finish!
2017-06-06 08:15:13 go into config
2017-06-06 08:15:13 go into if
2017-06-06 08:15:13 Common not exists
2017-06-06 08:15:14 go into config
2017-06-06 08:15:14 go into if
2017-06-06 08:15:14 Common not exists
2017-06-06 08:15:14 Finish!
2017-06-06 08:15:14 go into config
2017-06-06 08:15:14 go into if
2017-06-06 08:15:14 Common not exists
2017-06-06 08:15:14 Finish!
2017-06-06 08:15:25 go into config
2017-06-06 08:15:25 go into if
2017-06-06 08:15:25 Common not exists
2017-06-06 08:15:49 go into config
2017-06-06 08:15:49 go into if
2017-06-06 08:15:49 Common not exists
2017-06-06 08:15:49 go into config
2017-06-06 08:15:49 go into if
2017-06-06 08:15:49 Common not exists
2017-06-06 08:15:49 go into config
2017-06-06 08:15:50 Finish!
2017-06-06 08:15:50 go into if
2017-06-06 08:15:50 Common not exists
2017-06-06 08:15:50 Finish!
2017-06-06 08:15:50 go into config
2017-06-06 08:15:50 go into if
2017-06-06 08:15:50 Common not exists
2017-06-06 08:15:50 Finish!
2017-06-06 08:15:50 go into config
2017-06-06 08:15:50 go into if
2017-06-06 08:15:50 Common not exists
2017-06-06 08:15:51 go into config
2017-06-06 08:15:51 go into if
2017-06-06 08:15:51 Common not exists
2017-06-06 08:15:51 Finish!
2017-06-06 08:15:51 go into config
2017-06-06 08:15:51 go into if
2017-06-06 08:15:51 Common not exists
2017-06-06 08:15:51 Finish!
2017-06-06 08:16:00 go into config
2017-06-06 08:16:00 go into if
2017-06-06 08:16:00 Common not exists
2017-06-06 08:16:02 go into config
2017-06-06 08:16:02 go into if
2017-06-06 08:16:02 Common not exists
2017-06-06 08:16:22 go into config
2017-06-06 08:16:22 go into if
2017-06-06 08:16:22 Common not exists
2017-06-06 08:16:22 go into config
2017-06-06 08:16:22 Finish!
2017-06-06 08:16:22 go into if
2017-06-06 08:16:22 Common not exists
2017-06-06 08:16:22 Finish!
2017-06-06 08:16:22 go into config
2017-06-06 08:16:22 go into if
2017-06-06 08:16:22 Common not exists
2017-06-06 08:16:23 Finish!
2017-06-06 08:16:48 go into config
2017-06-06 08:16:48 go into if
2017-06-06 08:16:48 Common not exists
2017-06-06 08:16:49 go into config
2017-06-06 08:16:49 go into if
2017-06-06 08:16:49 Common not exists
2017-06-06 08:16:49 go into config
2017-06-06 08:16:49 Finish!
2017-06-06 08:16:49 go into if
2017-06-06 08:16:49 Common not exists
2017-06-06 08:16:49 Finish!
2017-06-06 08:16:49 go into config
2017-06-06 08:16:49 go into if
2017-06-06 08:16:49 Common not exists
2017-06-06 08:16:50 Finish!
2017-06-06 08:16:54 go into config
2017-06-06 08:16:54 go into if
2017-06-06 08:16:54 Common not exists
2017-06-06 08:18:26 go into config
2017-06-06 08:18:26 go into if
2017-06-06 08:18:26 Common not exists
2017-06-06 08:19:49 go into config
2017-06-06 08:19:49 go into if
2017-06-06 08:19:49 Common not exists
2017-06-06 08:19:49 Finish!
2017-06-06 08:19:53 go into config
2017-06-06 08:19:53 go into if
2017-06-06 08:19:53 Common not exists
2017-06-06 08:19:53 Finish!
2017-06-06 08:19:56 go into config
2017-06-06 08:19:56 go into if
2017-06-06 08:19:56 Common not exists
2017-06-06 08:20:35 go into config
2017-06-06 08:20:35 go into if
2017-06-06 08:20:35 Common not exists
2017-06-06 08:20:35 Finish!
2017-06-06 08:20:38 go into config
2017-06-06 08:20:38 go into if
2017-06-06 08:20:38 Common not exists
2017-06-06 08:20:38 Finish!
2017-06-06 08:20:41 go into config
2017-06-06 08:20:41 go into if
2017-06-06 08:20:41 Common not exists
2017-06-06 08:20:44 go into config
2017-06-06 08:20:44 go into if
2017-06-06 08:20:44 Common not exists
2017-06-06 08:20:47 go into config
2017-06-06 08:20:47 go into if
2017-06-06 08:20:47 Common not exists
2017-06-06 08:23:40 go into config
2017-06-06 08:23:40 go into if
2017-06-06 08:23:40 Common not exists
2017-06-06 08:23:40 Finish!
2017-06-06 08:23:45 go into config
2017-06-06 08:23:45 go into if
2017-06-06 08:23:45 Common not exists
2017-06-06 08:23:56 go into config
2017-06-06 08:23:56 go into if
2017-06-06 08:23:56 Common not exists
2017-06-06 08:25:10 go into config
2017-06-06 08:25:10 go into if
2017-06-06 08:25:10 Common not exists
2017-06-06 08:26:29 go into config
2017-06-06 08:26:29 go into if
2017-06-06 08:26:29 Common not exists
2017-06-06 08:26:29 Finish!
2017-06-06 08:26:33 go into config
2017-06-06 08:26:33 go into if
2017-06-06 08:26:33 Common not exists
2017-06-06 08:26:34 Finish!
2017-06-06 08:26:37 go into config
2017-06-06 08:26:37 go into if
2017-06-06 08:26:37 Common not exists
2017-06-06 08:27:34 go into config
2017-06-06 08:27:34 go into if
2017-06-06 08:27:34 Common not exists
2017-06-06 08:27:34 Finish!
2017-06-06 08:27:38 go into config
2017-06-06 08:27:38 go into if
2017-06-06 08:27:38 Common not exists
2017-06-06 08:27:38 go into config
2017-06-06 08:27:38 go into if
2017-06-06 08:27:38 Common not exists
2017-06-06 08:27:38 Finish!
2017-06-06 08:27:47 go into config
2017-06-06 08:27:47 go into if
2017-06-06 08:27:47 Common not exists
2017-06-06 08:27:48 Finish!
2017-06-06 08:27:50 go into config
2017-06-06 08:27:50 go into if
2017-06-06 08:27:50 Common not exists
2017-06-06 08:27:50 Finish!
2017-06-06 08:27:52 go into config
2017-06-06 08:27:52 go into if
2017-06-06 08:27:52 Common not exists
2017-06-06 08:27:52 go into config
2017-06-06 08:27:52 go into if
2017-06-06 08:27:52 Common not exists
2017-06-06 08:27:52 Finish!
2017-06-06 08:37:04 go into config
2017-06-06 08:37:04 go into if
2017-06-06 08:37:04 Common not exists
2017-06-06 08:37:04 Finish!
2017-06-06 08:37:06 go into config
2017-06-06 08:37:06 go into if
2017-06-06 08:37:06 Common not exists
2017-06-06 08:37:06 Finish!
2017-06-06 08:37:08 go into config
2017-06-06 08:37:08 go into if
2017-06-06 08:37:08 Common not exists
2017-06-06 08:37:09 go into config
2017-06-06 08:37:09 go into if
2017-06-06 08:37:09 Common not exists
2017-06-06 08:37:09 Finish!
2017-06-06 08:37:13 go into config
2017-06-06 08:37:13 go into if
2017-06-06 08:37:13 Common not exists
2017-06-06 08:37:14 Finish!
2017-06-06 08:37:16 go into config
2017-06-06 08:37:16 go into if
2017-06-06 08:37:16 Common not exists
2017-06-06 08:37:16 Finish!
2017-06-06 08:37:18 go into config
2017-06-06 08:37:18 go into if
2017-06-06 08:37:18 Common not exists
2017-06-06 08:37:18 go into config
2017-06-06 08:37:18 go into if
2017-06-06 08:37:18 Common not exists
2017-06-06 08:37:18 go into config
2017-06-06 08:37:18 go into if
2017-06-06 08:37:18 Common not exists
2017-06-06 08:37:18 go into config
2017-06-06 08:37:18 go into if
2017-06-06 08:37:18 Common not exists
2017-06-06 08:37:19 go into config
2017-06-06 08:37:19 go into if
2017-06-06 08:37:19 Common not exists
2017-06-06 08:37:19 Finish!
2017-06-06 08:45:15 go into config
2017-06-06 08:45:15 go into if
2017-06-06 08:45:15 Common not exists
2017-06-06 08:45:15 go into config
2017-06-06 08:45:15 go into if
2017-06-06 08:45:15 Common not exists
2017-06-06 08:45:15 Finish!
2017-06-06 08:45:16 go into config
2017-06-06 08:45:16 go into if
2017-06-06 08:45:16 Common not exists
2017-06-06 08:45:16 Finish!
2017-06-06 08:45:18 go into config
2017-06-06 08:45:18 go into if
2017-06-06 08:45:18 Common not exists
2017-06-06 08:45:21 go into config
2017-06-06 08:45:21 go into if
2017-06-06 08:45:21 Common not exists
2017-06-06 08:45:34 go into config
2017-06-06 08:45:34 go into if
2017-06-06 08:45:34 Common not exists
2017-06-06 08:45:34 Finish!
2017-06-06 08:45:39 go into config
2017-06-06 08:45:39 go into if
2017-06-06 08:45:39 Common not exists
2017-06-06 08:45:44 go into config
2017-06-06 08:45:44 go into if
2017-06-06 08:45:44 Common not exists
2017-06-06 08:45:44 Finish!
2017-06-06 08:45:51 go into config
2017-06-06 08:45:51 go into if
2017-06-06 08:45:51 Common not exists
2017-06-06 08:45:51 Finish!
2017-06-06 08:46:31 go into config
2017-06-06 08:46:31 go into if
2017-06-06 08:46:31 Common not exists
2017-06-06 08:47:39 go into config
2017-06-06 08:47:39 go into if
2017-06-06 08:47:39 Common not exists
2017-06-06 08:47:39 Finish!
2017-06-06 08:48:02 go into config
2017-06-06 08:48:02 go into if
2017-06-06 08:48:02 Common not exists
2017-06-06 08:48:02 Finish!
2017-06-06 08:48:04 go into config
2017-06-06 08:48:04 go into if
2017-06-06 08:48:04 Common not exists
2017-06-06 08:48:04 Finish!
2017-06-06 08:48:06 go into config
2017-06-06 08:48:06 go into if
2017-06-06 08:48:06 Common not exists
2017-06-06 08:48:06 go into config
2017-06-06 08:48:06 go into if
2017-06-06 08:48:06 Common not exists
2017-06-06 08:48:06 Finish!
2017-06-06 08:48:07 Finish!
2017-06-06 08:48:11 go into config
2017-06-06 08:48:11 go into if
2017-06-06 08:48:11 Common not exists
2017-06-06 08:48:12 go into config
2017-06-06 08:48:12 go into if
2017-06-06 08:48:12 Common not exists
2017-06-06 08:48:12 Finish!
2017-06-06 08:48:21 go into config
2017-06-06 08:48:21 go into if
2017-06-06 08:48:21 Common not exists
2017-06-06 08:48:21 Finish!
2017-06-06 08:48:21 go into config
2017-06-06 08:48:21 go into if
2017-06-06 08:48:21 Common not exists
2017-06-06 08:48:22 go into config
2017-06-06 08:48:22 go into if
2017-06-06 08:48:22 Common not exists
2017-06-06 08:48:22 Finish!
2017-06-06 08:48:23 go into config
2017-06-06 08:48:23 go into if
2017-06-06 08:48:23 Common not exists
2017-06-06 08:48:23 Finish!
2017-06-06 08:48:44 go into config
2017-06-06 08:48:44 go into if
2017-06-06 08:48:44 Common not exists
2017-06-06 08:48:44 Finish!
2017-06-06 08:48:51 go into config
2017-06-06 08:48:51 go into if
2017-06-06 08:48:51 Common not exists
2017-06-06 08:48:51 Finish!
2017-06-06 08:48:58 go into config
2017-06-06 08:48:58 go into if
2017-06-06 08:48:58 Common not exists
2017-06-06 08:48:58 Finish!
2017-06-06 08:49:01 go into config
2017-06-06 08:49:01 go into if
2017-06-06 08:49:01 Common not exists
2017-06-06 08:49:01 Finish!
2017-06-06 08:49:06 go into config
2017-06-06 08:49:06 go into if
2017-06-06 08:49:06 Common not exists
2017-06-06 08:49:06 Finish!
2017-06-06 08:49:17 go into config
2017-06-06 08:49:17 go into if
2017-06-06 08:49:17 Common not exists
2017-06-06 08:49:17 Finish!
2017-06-06 08:49:20 go into config
2017-06-06 08:49:20 go into if
2017-06-06 08:49:20 Common not exists
2017-06-06 08:49:24 go into config
2017-06-06 08:49:24 go into if
2017-06-06 08:49:24 Common not exists
2017-06-06 08:49:25 Finish!
2017-06-06 08:49:27 go into config
2017-06-06 08:49:27 go into if
2017-06-06 08:49:27 Common not exists
2017-06-06 08:49:27 Finish!
2017-06-06 08:49:30 go into config
2017-06-06 08:49:30 go into if
2017-06-06 08:49:30 Common not exists
2017-06-06 08:49:30 Finish!
2017-06-06 08:49:34 go into config
2017-06-06 08:49:34 go into if
2017-06-06 08:49:34 Common not exists
2017-06-06 08:49:34 Finish!
2017-06-06 08:49:34 go into config
2017-06-06 08:49:34 go into if
2017-06-06 08:49:34 Common not exists
2017-06-06 08:49:34 Finish!
2017-06-06 08:49:37 go into config
2017-06-06 08:49:37 go into if
2017-06-06 08:49:37 Common not exists
2017-06-06 08:49:37 Finish!
2017-06-06 08:49:39 go into config
2017-06-06 08:49:39 go into if
2017-06-06 08:49:39 Common not exists
2017-06-06 08:49:39 Finish!
2017-06-06 08:49:41 go into config
2017-06-06 08:49:41 go into if
2017-06-06 08:49:41 Common not exists
2017-06-06 08:49:41 Finish!
2017-06-06 08:49:42 go into config
2017-06-06 08:49:42 go into if
2017-06-06 08:49:42 Common not exists
2017-06-06 08:49:42 Finish!
2017-06-06 08:49:44 go into config
2017-06-06 08:49:44 go into if
2017-06-06 08:49:44 Common not exists
2017-06-06 08:49:58 go into config
2017-06-06 08:49:58 go into if
2017-06-06 08:49:58 Common not exists
2017-06-06 08:49:58 Finish!
2017-06-06 08:49:58 go into config
2017-06-06 08:49:58 go into if
2017-06-06 08:49:58 Common not exists
2017-06-06 08:49:58 Finish!
2017-06-06 08:49:58 go into config
2017-06-06 08:49:58 go into if
2017-06-06 08:49:58 Common not exists
2017-06-06 08:49:58 Finish!
2017-06-06 08:49:58 go into config
2017-06-06 08:49:58 go into if
2017-06-06 08:49:58 Common not exists
2017-06-06 08:49:58 Finish!
2017-06-06 08:49:59 go into config
2017-06-06 08:49:59 go into if
2017-06-06 08:49:59 Common not exists
2017-06-06 08:49:59 Finish!
2017-06-06 08:50:02 go into config
2017-06-06 08:50:02 go into if
2017-06-06 08:50:02 Common not exists
2017-06-06 08:50:02 Finish!
2017-06-06 08:50:06 go into config
2017-06-06 08:50:06 go into if
2017-06-06 08:50:06 Common not exists
2017-06-06 08:50:06 Finish!
2017-06-06 08:50:08 go into config
2017-06-06 08:50:08 go into if
2017-06-06 08:50:08 Common not exists
2017-06-06 08:50:08 Finish!
2017-06-06 08:50:40 go into config
2017-06-06 08:50:40 go into if
2017-06-06 08:50:40 Common not exists
2017-06-06 08:50:40 Finish!
2017-06-06 08:50:41 go into config
2017-06-06 08:50:41 go into if
2017-06-06 08:50:41 Common not exists
2017-06-06 08:50:41 Finish!
2017-06-06 08:50:43 go into config
2017-06-06 08:50:43 go into if
2017-06-06 08:50:43 Common not exists
2017-06-06 08:50:43 Finish!
2017-06-06 08:51:03 go into config
2017-06-06 08:51:03 go into if
2017-06-06 08:51:03 Common not exists
2017-06-06 08:51:03 Finish!
2017-06-06 08:51:03 go into config
2017-06-06 08:51:03 go into if
2017-06-06 08:51:03 Common not exists
2017-06-06 08:51:03 Finish!
2017-06-06 08:52:11 go into config
2017-06-06 08:52:11 go into if
2017-06-06 08:52:11 Common not exists
2017-06-06 08:52:11 Finish!
2017-06-06 08:52:14 go into config
2017-06-06 08:52:14 go into if
2017-06-06 08:52:14 Common not exists
2017-06-06 08:52:14 Finish!
2017-06-06 08:52:57 go into config
2017-06-06 08:52:57 go into if
2017-06-06 08:52:57 Common not exists
2017-06-06 08:52:57 Finish!
2017-06-06 08:52:57 go into config
2017-06-06 08:52:57 go into if
2017-06-06 08:52:57 Common not exists
2017-06-06 08:52:57 Finish!
2017-06-06 08:52:59 go into config
2017-06-06 08:52:59 go into if
2017-06-06 08:52:59 Common not exists
2017-06-06 08:52:59 Finish!
2017-06-06 08:53:00 go into config
2017-06-06 08:53:00 go into if
2017-06-06 08:53:00 Common not exists
2017-06-06 08:53:00 Finish!
2017-06-06 08:53:27 go into config
2017-06-06 08:53:27 go into if
2017-06-06 08:53:27 Common not exists
2017-06-06 08:53:27 Finish!
2017-06-06 08:53:28 go into config
2017-06-06 08:53:28 go into if
2017-06-06 08:53:28 Common not exists
2017-06-06 08:53:28 Finish!
2017-06-06 08:53:39 go into config
2017-06-06 08:53:39 go into if
2017-06-06 08:53:39 Common not exists
2017-06-06 08:53:44 go into config
2017-06-06 08:53:44 go into if
2017-06-06 08:53:44 Common not exists
2017-06-06 08:53:44 Finish!
2017-06-06 08:54:04 go into config
2017-06-06 08:54:04 go into if
2017-06-06 08:54:04 Common not exists
2017-06-06 08:54:50 go into config
2017-06-06 08:54:50 go into if
2017-06-06 08:54:50 Common not exists
2017-06-06 08:54:50 Finish!
2017-06-06 08:54:50 go into config
2017-06-06 08:54:50 go into if
2017-06-06 08:54:50 Common not exists
2017-06-06 08:54:50 Finish!
2017-06-06 08:54:52 go into config
2017-06-06 08:54:52 go into if
2017-06-06 08:54:52 Common not exists
2017-06-06 08:54:52 Finish!
2017-06-06 08:54:54 go into config
2017-06-06 08:54:54 go into if
2017-06-06 08:54:54 Common not exists
2017-06-06 08:54:54 Finish!
2017-06-06 08:56:13 go into config
2017-06-06 08:56:13 go into if
2017-06-06 08:56:13 Common not exists
2017-06-06 08:56:17 go into config
2017-06-06 08:56:17 go into if
2017-06-06 08:56:17 Common not exists
2017-06-06 08:56:17 Finish!
2017-06-06 08:56:18 go into config
2017-06-06 08:56:18 go into if
2017-06-06 08:56:18 Common not exists
2017-06-06 08:56:19 Finish!
2017-06-06 08:59:43 go into config
2017-06-06 08:59:43 go into if
2017-06-06 08:59:43 Common not exists
2017-06-06 08:59:43 Finish!
2017-06-06 09:00:21 go into config
2017-06-06 09:00:21 go into if
2017-06-06 09:00:21 Common not exists
2017-06-06 09:00:21 go into config
2017-06-06 09:00:21 go into if
2017-06-06 09:00:21 Common not exists
2017-06-06 09:00:22 go into config
2017-06-06 09:00:22 go into if
2017-06-06 09:00:22 Common not exists
2017-06-06 09:00:22 Finish!
2017-06-06 09:00:22 Finish!
2017-06-06 09:00:22 go into config
2017-06-06 09:00:22 go into if
2017-06-06 09:00:22 Common not exists
2017-06-06 09:00:23 Finish!
2017-06-06 09:00:29 go into config
2017-06-06 09:00:29 go into if
2017-06-06 09:00:29 Common not exists
2017-06-06 09:00:30 go into config
2017-06-06 09:00:30 go into if
2017-06-06 09:00:30 Common not exists
2017-06-06 09:00:30 Finish!
2017-06-06 09:01:43 go into config
2017-06-06 09:01:43 go into if
2017-06-06 09:01:43 Common not exists
2017-06-06 09:01:44 go into config
2017-06-06 09:01:44 go into if
2017-06-06 09:01:44 Common not exists
2017-06-06 09:01:44 go into config
2017-06-06 09:01:44 go into if
2017-06-06 09:01:44 Common not exists
2017-06-06 09:01:44 Finish!
2017-06-06 09:01:44 Finish!
2017-06-06 09:01:44 go into config
2017-06-06 09:01:44 go into if
2017-06-06 09:01:44 Common not exists
2017-06-06 09:01:45 Finish!
2017-06-06 09:01:51 go into config
2017-06-06 09:01:51 go into if
2017-06-06 09:01:51 Common not exists
2017-06-06 09:01:51 go into config
2017-06-06 09:01:51 go into if
2017-06-06 09:01:51 Common not exists
2017-06-06 09:01:51 Finish!
2017-06-06 09:03:25 go into config
2017-06-06 09:03:25 go into if
2017-06-06 09:03:25 Common not exists
2017-06-06 09:03:25 Finish!
2017-06-06 09:03:45 go into config
2017-06-06 09:03:45 go into if
2017-06-06 09:03:45 Common not exists
2017-06-06 09:03:45 go into config
2017-06-06 09:03:45 go into if
2017-06-06 09:03:45 Common not exists
2017-06-06 09:03:45 go into config
2017-06-06 09:03:45 go into if
2017-06-06 09:03:45 Common not exists
2017-06-06 09:03:46 Finish!
2017-06-06 09:03:46 Finish!
2017-06-06 09:03:46 go into config
2017-06-06 09:03:46 go into if
2017-06-06 09:03:46 Common not exists
2017-06-06 09:03:46 Finish!
2017-06-06 09:03:52 go into config
2017-06-06 09:03:52 go into if
2017-06-06 09:03:52 Common not exists
2017-06-06 09:03:53 go into config
2017-06-06 09:03:53 go into if
2017-06-06 09:03:53 Common not exists
2017-06-06 09:03:53 Finish!
2017-06-06 09:04:33 go into config
2017-06-06 09:04:33 go into if
2017-06-06 09:04:33 Common not exists
2017-06-06 09:04:33 Finish!
2017-06-06 09:04:37 go into config
2017-06-06 09:04:37 go into if
2017-06-06 09:04:37 Common not exists
2017-06-06 09:04:37 go into config
2017-06-06 09:04:37 go into if
2017-06-06 09:04:37 Common not exists
2017-06-06 09:04:37 Finish!
2017-06-06 09:05:58 go into config
2017-06-06 09:05:58 go into if
2017-06-06 09:05:58 Common not exists
2017-06-06 09:05:59 Finish!
2017-06-06 09:08:14 go into config
2017-06-06 09:08:14 go into if
2017-06-06 09:08:14 Common not exists
2017-06-06 09:08:14 go into config
2017-06-06 09:08:14 go into if
2017-06-06 09:08:14 Common not exists
2017-06-06 09:08:14 Finish!
2017-06-06 09:08:15 go into config
2017-06-06 09:08:15 go into if
2017-06-06 09:08:15 Common not exists
2017-06-06 09:08:15 Finish!
2017-06-06 09:08:24 go into config
2017-06-06 09:08:24 go into if
2017-06-06 09:08:24 Common not exists
2017-06-06 09:08:25 go into config
2017-06-06 09:08:25 go into if
2017-06-06 09:08:25 Common not exists
2017-06-06 09:08:25 Finish!
2017-06-06 09:09:03 go into config
2017-06-06 09:09:03 go into if
2017-06-06 09:09:03 Common not exists
2017-06-06 09:09:03 go into config
2017-06-06 09:09:03 go into if
2017-06-06 09:09:03 Common not exists
2017-06-06 09:09:03 Finish!
2017-06-06 09:09:03 go into config
2017-06-06 09:09:03 go into if
2017-06-06 09:09:03 Common not exists
2017-06-06 09:09:04 Finish!
2017-06-06 09:09:06 go into config
2017-06-06 09:09:06 go into if
2017-06-06 09:09:06 Common not exists
2017-06-06 09:09:06 go into config
2017-06-06 09:09:06 go into if
2017-06-06 09:09:06 Common not exists
2017-06-06 09:09:06 Finish!
2017-06-06 09:09:15 go into config
2017-06-06 09:09:15 go into if
2017-06-06 09:09:15 Common not exists
2017-06-06 09:09:15 Finish!
2017-06-06 09:09:15 go into config
2017-06-06 09:09:15 go into if
2017-06-06 09:09:15 Common not exists
2017-06-06 09:09:15 Finish!
2017-06-06 09:09:20 go into config
2017-06-06 09:09:20 go into if
2017-06-06 09:09:20 Common not exists
2017-06-06 09:09:20 Finish!
2017-06-06 09:11:29 go into config
2017-06-06 09:11:29 go into if
2017-06-06 09:11:29 Common not exists
2017-06-06 09:11:30 go into config
2017-06-06 09:11:30 go into if
2017-06-06 09:11:30 Common not exists
2017-06-06 09:11:30 Finish!
2017-06-06 09:11:30 go into config
2017-06-06 09:11:30 go into if
2017-06-06 09:11:30 Common not exists
2017-06-06 09:11:30 Finish!
2017-06-06 09:11:34 go into config
2017-06-06 09:11:34 go into if
2017-06-06 09:11:34 Common not exists
2017-06-06 09:11:34 go into config
2017-06-06 09:11:34 go into if
2017-06-06 09:11:34 Common not exists
2017-06-06 09:11:34 Finish!
2017-06-06 09:12:04 go into config
2017-06-06 09:12:04 go into if
2017-06-06 09:12:04 Common not exists
2017-06-06 09:12:05 go into config
2017-06-06 09:12:05 go into if
2017-06-06 09:12:05 Common not exists
2017-06-06 09:12:05 Finish!
2017-06-06 09:12:06 go into config
2017-06-06 09:12:06 go into if
2017-06-06 09:12:06 Common not exists
2017-06-06 09:12:06 go into config
2017-06-06 09:12:06 Finish!
2017-06-06 09:12:06 go into if
2017-06-06 09:12:06 Common not exists
2017-06-06 09:12:07 go into config
2017-06-06 09:12:07 go into if
2017-06-06 09:12:07 Common not exists
2017-06-06 09:12:07 Finish!
2017-06-06 09:12:07 go into config
2017-06-06 09:12:07 go into if
2017-06-06 09:12:07 Common not exists
2017-06-06 09:12:07 Finish!
2017-06-06 09:12:11 go into config
2017-06-06 09:12:11 go into if
2017-06-06 09:12:11 Common not exists
2017-06-06 09:12:12 go into config
2017-06-06 09:12:12 go into if
2017-06-06 09:12:12 Common not exists
2017-06-06 09:12:12 Finish!
2017-06-06 09:13:37 go into config
2017-06-06 09:13:37 go into if
2017-06-06 09:13:37 Common not exists
2017-06-06 09:13:37 go into config
2017-06-06 09:13:37 go into if
2017-06-06 09:13:37 Common not exists
2017-06-06 09:13:37 Finish!
2017-06-06 09:13:37 go into config
2017-06-06 09:13:37 go into if
2017-06-06 09:13:37 Common not exists
2017-06-06 09:13:38 Finish!
2017-06-06 09:13:38 go into config
2017-06-06 09:13:38 go into if
2017-06-06 09:13:38 Common not exists
2017-06-06 09:13:38 go into config
2017-06-06 09:13:38 go into if
2017-06-06 09:13:38 Common not exists
2017-06-06 09:13:38 Finish!
2017-06-06 09:13:39 go into config
2017-06-06 09:13:39 go into if
2017-06-06 09:13:39 Common not exists
2017-06-06 09:13:39 Finish!
2017-06-06 09:13:41 go into config
2017-06-06 09:13:41 go into if
2017-06-06 09:13:41 Common not exists
2017-06-06 09:13:41 go into config
2017-06-06 09:13:41 go into if
2017-06-06 09:13:41 Common not exists
2017-06-06 09:13:42 Finish!
2017-06-06 09:21:23 go into config
2017-06-06 09:21:23 go into if
2017-06-06 09:21:23 Common not exists
2017-06-06 09:21:23 go into config
2017-06-06 09:21:23 go into if
2017-06-06 09:21:23 Common not exists
2017-06-06 09:21:24 Finish!
2017-06-06 09:21:24 go into config
2017-06-06 09:21:24 go into if
2017-06-06 09:21:24 Common not exists
2017-06-06 09:21:24 Finish!
2017-06-06 09:21:33 go into config
2017-06-06 09:21:33 go into if
2017-06-06 09:21:33 Common not exists
2017-06-06 09:21:33 go into config
2017-06-06 09:21:33 go into if
2017-06-06 09:21:33 Common not exists
2017-06-06 09:21:33 Finish!
2017-06-06 09:23:05 go into config
2017-06-06 09:23:05 go into if
2017-06-06 09:23:05 Common not exists
2017-06-06 09:23:06 go into config
2017-06-06 09:23:06 go into if
2017-06-06 09:23:06 Common not exists
2017-06-06 09:23:06 Finish!
2017-06-06 09:23:06 go into config
2017-06-06 09:23:06 go into if
2017-06-06 09:23:06 Common not exists
2017-06-06 09:23:07 Finish!
2017-06-06 09:23:08 go into config
2017-06-06 09:23:08 go into if
2017-06-06 09:23:08 Common not exists
2017-06-06 09:23:09 go into config
2017-06-06 09:23:09 go into if
2017-06-06 09:23:09 Common not exists
2017-06-06 09:23:09 Finish!
2017-06-06 09:23:35 go into config
2017-06-06 09:23:35 go into if
2017-06-06 09:23:35 Common not exists
2017-06-06 09:23:35 go into config
2017-06-06 09:23:35 go into if
2017-06-06 09:23:35 Common not exists
2017-06-06 09:23:35 Finish!
2017-06-06 09:23:36 go into config
2017-06-06 09:23:36 go into if
2017-06-06 09:23:36 Common not exists
2017-06-06 09:23:36 Finish!
2017-06-06 09:23:40 go into config
2017-06-06 09:23:40 go into if
2017-06-06 09:23:40 Common not exists
2017-06-06 09:23:40 go into config
2017-06-06 09:23:40 go into if
2017-06-06 09:23:40 Common not exists
2017-06-06 09:23:40 Finish!
2017-06-06 09:24:32 go into config
2017-06-06 09:24:32 go into if
2017-06-06 09:24:32 Common not exists
2017-06-06 09:24:33 Finish!
2017-06-06 09:24:33 go into config
2017-06-06 09:24:33 go into if
2017-06-06 09:24:33 Common not exists
2017-06-06 09:24:33 Finish!
2017-06-06 09:24:35 go into config
2017-06-06 09:24:35 go into if
2017-06-06 09:24:35 Common not exists
2017-06-06 09:24:35 Finish!
2017-06-06 09:24:56 go into config
2017-06-06 09:24:56 go into if
2017-06-06 09:24:56 Common not exists
2017-06-06 09:24:56 go into config
2017-06-06 09:24:56 go into if
2017-06-06 09:24:56 Common not exists
2017-06-06 09:24:56 go into config
2017-06-06 09:24:56 go into if
2017-06-06 09:24:56 Common not exists
2017-06-06 09:24:56 Finish!
2017-06-06 09:24:56 Finish!
2017-06-06 09:24:56 go into config
2017-06-06 09:24:56 go into if
2017-06-06 09:24:56 Common not exists
2017-06-06 09:24:57 Finish!
2017-06-06 09:24:59 go into config
2017-06-06 09:24:59 go into if
2017-06-06 09:24:59 Common not exists
2017-06-06 09:25:14 go into config
2017-06-06 09:25:14 go into if
2017-06-06 09:25:14 Common not exists
2017-06-06 09:25:39 go into config
2017-06-06 09:25:39 go into if
2017-06-06 09:25:39 Common not exists
2017-06-06 09:25:41 go into config
2017-06-06 09:25:41 go into if
2017-06-06 09:25:41 Common not exists
2017-06-06 09:25:42 go into config
2017-06-06 09:25:42 go into if
2017-06-06 09:25:42 Common not exists
2017-06-06 09:25:42 go into config
2017-06-06 09:25:42 go into if
2017-06-06 09:25:42 Common not exists
2017-06-06 09:25:43 Finish!
2017-06-06 09:25:43 go into config
2017-06-06 09:25:43 go into if
2017-06-06 09:25:43 Common not exists
2017-06-06 09:25:43 Finish!
2017-06-06 09:25:47 go into config
2017-06-06 09:25:47 go into if
2017-06-06 09:25:47 Common not exists
2017-06-06 09:25:47 go into config
2017-06-06 09:25:47 go into if
2017-06-06 09:25:47 Common not exists
2017-06-06 09:25:47 Finish!
2017-06-06 09:25:48 go into config
2017-06-06 09:25:48 go into if
2017-06-06 09:25:48 Common not exists
2017-06-06 09:25:48 Finish!
2017-06-06 09:25:48 go into config
2017-06-06 09:25:48 go into if
2017-06-06 09:25:48 Common not exists
2017-06-06 09:25:48 Finish!
2017-06-06 09:25:55 go into config
2017-06-06 09:25:55 go into if
2017-06-06 09:25:55 Common not exists
2017-06-06 09:25:55 Finish!
2017-06-06 09:25:58 go into config
2017-06-06 09:25:58 go into if
2017-06-06 09:25:58 Common not exists
2017-06-06 09:26:00 go into config
2017-06-06 09:26:00 go into if
2017-06-06 09:26:00 Common not exists
2017-06-06 09:26:00 Finish!
2017-06-06 09:26:02 go into config
2017-06-06 09:26:02 go into if
2017-06-06 09:26:02 Common not exists
2017-06-06 09:26:02 Finish!
2017-06-06 09:26:02 go into config
2017-06-06 09:26:02 go into if
2017-06-06 09:26:02 Common not exists
2017-06-06 09:26:02 Finish!
2017-06-06 09:26:29 go into config
2017-06-06 09:26:29 go into if
2017-06-06 09:26:29 Common not exists
2017-06-06 09:26:30 Finish!
2017-06-06 09:26:36 go into config
2017-06-06 09:26:36 go into if
2017-06-06 09:26:36 Common not exists
2017-06-06 09:26:36 go into config
2017-06-06 09:26:36 go into if
2017-06-06 09:26:36 Common not exists
2017-06-06 09:26:36 Finish!
2017-06-06 09:26:40 go into config
2017-06-06 09:26:40 go into if
2017-06-06 09:26:40 Common not exists
2017-06-06 09:26:40 Finish!
2017-06-06 09:27:18 go into config
2017-06-06 09:27:18 go into if
2017-06-06 09:27:18 Common not exists
2017-06-06 09:27:18 Finish!
2017-06-06 09:27:18 go into config
2017-06-06 09:27:18 go into if
2017-06-06 09:27:18 Common not exists
2017-06-06 09:27:18 Finish!
2017-06-06 09:27:27 go into config
2017-06-06 09:27:27 go into if
2017-06-06 09:27:27 Common not exists
2017-06-06 09:27:27 Finish!
2017-06-06 09:27:27 go into config
2017-06-06 09:27:27 go into if
2017-06-06 09:27:27 Common not exists
2017-06-06 09:27:27 Finish!
2017-06-06 09:27:34 go into config
2017-06-06 09:27:34 go into if
2017-06-06 09:27:34 Common not exists
2017-06-06 09:27:34 Finish!
2017-06-06 09:27:49 go into config
2017-06-06 09:27:49 go into if
2017-06-06 09:27:49 Common not exists
2017-06-06 09:27:49 Finish!
2017-06-06 09:27:54 go into config
2017-06-06 09:27:54 go into if
2017-06-06 09:27:54 Common not exists
2017-06-06 09:28:08 go into config
2017-06-06 09:28:08 go into if
2017-06-06 09:28:08 Common not exists
2017-06-06 09:28:08 Finish!
2017-06-06 09:28:08 go into config
2017-06-06 09:28:08 go into if
2017-06-06 09:28:08 Common not exists
2017-06-06 09:28:08 Finish!
2017-06-06 09:28:09 go into config
2017-06-06 09:28:09 go into if
2017-06-06 09:28:09 Common not exists
2017-06-06 09:28:09 Finish!
2017-06-06 09:29:56 go into config
2017-06-06 09:29:56 go into if
2017-06-06 09:29:56 Common not exists
2017-06-06 09:29:56 Finish!
2017-06-06 09:29:57 go into config
2017-06-06 09:29:57 go into if
2017-06-06 09:29:57 Common not exists
2017-06-06 09:29:57 Finish!
2017-06-06 09:30:01 go into config
2017-06-06 09:30:01 go into if
2017-06-06 09:30:01 Common not exists
2017-06-06 09:30:01 Finish!
2017-06-06 09:31:02 go into config
2017-06-06 09:31:02 go into if
2017-06-06 09:31:02 Common not exists
2017-06-06 09:31:02 Finish!
2017-06-06 09:31:02 go into config
2017-06-06 09:31:02 go into if
2017-06-06 09:31:02 Common not exists
2017-06-06 09:31:02 Finish!
2017-06-06 09:31:04 go into config
2017-06-06 09:31:04 go into if
2017-06-06 09:31:04 Common not exists
2017-06-06 09:31:04 Finish!
2017-06-06 09:31:07 go into config
2017-06-06 09:31:07 go into if
2017-06-06 09:31:07 Common not exists
2017-06-06 09:31:07 Finish!
2017-06-06 09:31:20 go into config
2017-06-06 09:31:20 go into if
2017-06-06 09:31:20 Common not exists
2017-06-06 09:31:20 Finish!
2017-06-06 09:32:37 go into config
2017-06-06 09:32:37 go into if
2017-06-06 09:32:37 Common not exists
2017-06-06 09:32:37 go into config
2017-06-06 09:32:37 go into if
2017-06-06 09:32:37 Common not exists
2017-06-06 09:32:38 Finish!
2017-06-06 09:32:38 go into config
2017-06-06 09:32:38 go into if
2017-06-06 09:32:38 Common not exists
2017-06-06 09:32:38 Finish!
2017-06-06 09:32:40 go into config
2017-06-06 09:32:40 go into if
2017-06-06 09:32:40 Common not exists
2017-06-06 09:32:57 go into config
2017-06-06 09:32:57 go into if
2017-06-06 09:32:57 Common not exists
2017-06-06 09:32:57 Finish!
2017-06-06 09:32:57 go into config
2017-06-06 09:32:57 go into if
2017-06-06 09:32:57 Common not exists
2017-06-06 09:32:57 Finish!
2017-06-06 09:33:00 go into config
2017-06-06 09:33:00 go into if
2017-06-06 09:33:00 Common not exists
2017-06-06 09:33:00 Finish!
2017-06-06 09:33:01 go into config
2017-06-06 09:33:01 go into if
2017-06-06 09:33:01 Common not exists
2017-06-06 09:33:01 Finish!
2017-06-06 09:33:03 go into config
2017-06-06 09:33:03 go into if
2017-06-06 09:33:03 Common not exists
2017-06-06 09:33:03 Finish!
2017-06-06 09:33:07 go into config
2017-06-06 09:33:07 go into if
2017-06-06 09:33:07 Common not exists
2017-06-06 09:33:07 Finish!
2017-06-06 09:33:10 go into config
2017-06-06 09:33:10 go into if
2017-06-06 09:33:10 Common not exists
2017-06-06 09:33:10 Finish!
2017-06-06 09:33:13 go into config
2017-06-06 09:33:13 go into if
2017-06-06 09:33:13 Common not exists
2017-06-06 09:33:21 go into config
2017-06-06 09:33:21 go into if
2017-06-06 09:33:21 Common not exists
2017-06-06 09:33:21 go into config
2017-06-06 09:33:21 go into if
2017-06-06 09:33:21 Common not exists
2017-06-06 09:33:22 Finish!
2017-06-06 09:33:22 go into config
2017-06-06 09:33:22 go into if
2017-06-06 09:33:22 Common not exists
2017-06-06 09:33:22 Finish!
2017-06-06 09:33:23 go into config
2017-06-06 09:33:23 go into if
2017-06-06 09:33:23 Common not exists
2017-06-06 09:33:29 go into config
2017-06-06 09:33:29 go into if
2017-06-06 09:33:29 Common not exists
2017-06-06 09:33:29 Finish!
2017-06-06 09:33:29 go into config
2017-06-06 09:33:29 go into if
2017-06-06 09:33:29 Common not exists
2017-06-06 09:33:29 Finish!
2017-06-06 09:33:31 go into config
2017-06-06 09:33:31 go into if
2017-06-06 09:33:31 Common not exists
2017-06-06 09:33:31 Finish!
2017-06-06 09:33:44 go into config
2017-06-06 09:33:44 go into if
2017-06-06 09:33:44 Common not exists
2017-06-06 09:33:45 Finish!
2017-06-06 09:33:47 go into config
2017-06-06 09:33:47 go into if
2017-06-06 09:33:47 Common not exists
2017-06-06 09:33:48 Finish!
2017-06-06 09:33:50 go into config
2017-06-06 09:33:50 go into if
2017-06-06 09:33:50 Common not exists
2017-06-06 09:33:50 go into config
2017-06-06 09:33:50 go into if
2017-06-06 09:33:50 Common not exists
2017-06-06 09:33:51 Finish!
2017-06-06 09:34:16 go into config
2017-06-06 09:34:16 go into if
2017-06-06 09:34:16 Common not exists
2017-06-06 09:34:16 Finish!
2017-06-06 09:34:19 go into config
2017-06-06 09:34:19 go into if
2017-06-06 09:34:19 Common not exists
2017-06-06 09:34:19 Finish!
2017-06-06 09:34:27 go into config
2017-06-06 09:34:27 go into if
2017-06-06 09:34:27 Common not exists
2017-06-06 09:34:27 Finish!
2017-06-06 09:34:36 go into config
2017-06-06 09:34:36 go into if
2017-06-06 09:34:36 Common not exists
2017-06-06 09:34:36 Finish!
2017-06-06 09:34:36 go into config
2017-06-06 09:34:36 go into if
2017-06-06 09:34:36 Common not exists
2017-06-06 09:34:36 Finish!
2017-06-06 09:34:42 go into config
2017-06-06 09:34:42 go into if
2017-06-06 09:34:42 Common not exists
2017-06-06 09:34:42 Finish!
2017-06-06 09:34:45 go into config
2017-06-06 09:34:45 go into if
2017-06-06 09:34:45 Common not exists
2017-06-06 09:34:46 go into config
2017-06-06 09:34:46 go into if
2017-06-06 09:34:46 Common not exists
2017-06-06 09:34:46 Finish!
2017-06-06 09:35:10 go into config
2017-06-06 09:35:10 go into if
2017-06-06 09:35:10 Common not exists
2017-06-06 09:35:10 go into config
2017-06-06 09:35:10 go into if
2017-06-06 09:35:10 Common not exists
2017-06-06 09:35:10 Finish!
2017-06-06 09:35:11 go into config
2017-06-06 09:35:11 go into if
2017-06-06 09:35:11 Common not exists
2017-06-06 09:35:11 go into config
2017-06-06 09:35:11 Finish!
2017-06-06 09:35:11 go into if
2017-06-06 09:35:11 Common not exists
2017-06-06 09:35:11 go into config
2017-06-06 09:35:11 go into if
2017-06-06 09:35:11 Common not exists
2017-06-06 09:35:12 Finish!
2017-06-06 09:35:12 go into config
2017-06-06 09:35:12 go into if
2017-06-06 09:35:12 Common not exists
2017-06-06 09:35:12 Finish!
2017-06-06 09:35:13 go into config
2017-06-06 09:35:13 go into if
2017-06-06 09:35:13 Common not exists
2017-06-06 09:35:14 go into config
2017-06-06 09:35:14 go into if
2017-06-06 09:35:14 Common not exists
2017-06-06 09:35:14 Finish!
2017-06-06 09:35:23 go into config
2017-06-06 09:35:23 go into if
2017-06-06 09:35:23 Common not exists
2017-06-06 09:35:23 go into config
2017-06-06 09:35:23 go into if
2017-06-06 09:35:23 Common not exists
2017-06-06 09:35:24 Finish!
2017-06-06 09:35:31 go into config
2017-06-06 09:35:31 go into if
2017-06-06 09:35:31 Common not exists
2017-06-06 09:35:31 go into config
2017-06-06 09:35:31 go into if
2017-06-06 09:35:31 Common not exists
2017-06-06 09:35:31 Finish!
2017-06-06 09:35:38 go into config
2017-06-06 09:35:38 go into if
2017-06-06 09:35:38 Common not exists
2017-06-06 09:35:38 Finish!
2017-06-06 09:35:38 go into config
2017-06-06 09:35:38 go into if
2017-06-06 09:35:38 Common not exists
2017-06-06 09:35:38 Finish!
2017-06-06 09:35:40 go into config
2017-06-06 09:35:40 go into if
2017-06-06 09:35:40 Common not exists
2017-06-06 09:35:40 Finish!
2017-06-06 09:36:03 go into config
2017-06-06 09:36:03 go into if
2017-06-06 09:36:03 Common not exists
2017-06-06 09:36:03 Finish!
2017-06-06 09:36:06 go into config
2017-06-06 09:36:06 go into if
2017-06-06 09:36:06 Common not exists
2017-06-06 09:36:06 Finish!
2017-06-06 09:36:07 go into config
2017-06-06 09:36:07 go into if
2017-06-06 09:36:07 Common not exists
2017-06-06 09:36:08 go into config
2017-06-06 09:36:08 go into if
2017-06-06 09:36:08 Common not exists
2017-06-06 09:36:08 go into config
2017-06-06 09:36:08 Finish!
2017-06-06 09:36:08 go into if
2017-06-06 09:36:08 Common not exists
2017-06-06 09:36:08 Finish!
2017-06-06 09:36:08 go into config
2017-06-06 09:36:08 go into if
2017-06-06 09:36:08 Common not exists
2017-06-06 09:36:09 Finish!
2017-06-06 09:36:14 go into config
2017-06-06 09:36:14 go into if
2017-06-06 09:36:14 Common not exists
2017-06-06 09:36:14 go into config
2017-06-06 09:36:14 go into if
2017-06-06 09:36:14 Common not exists
2017-06-06 09:36:15 Finish!
2017-06-06 09:36:15 go into config
2017-06-06 09:36:15 go into if
2017-06-06 09:36:15 Common not exists
2017-06-06 09:36:16 Finish!
2017-06-06 09:36:17 go into config
2017-06-06 09:36:17 go into if
2017-06-06 09:36:17 Common not exists
2017-06-06 09:36:18 go into config
2017-06-06 09:36:18 go into if
2017-06-06 09:36:18 Common not exists
2017-06-06 09:36:18 Finish!
2017-06-06 09:37:06 go into config
2017-06-06 09:37:06 go into if
2017-06-06 09:37:06 Common not exists
2017-06-06 09:37:06 Finish!
2017-06-06 09:37:08 go into config
2017-06-06 09:37:08 go into if
2017-06-06 09:37:08 Common not exists
2017-06-06 09:37:08 Finish!
2017-06-06 09:37:13 go into config
2017-06-06 09:37:13 go into if
2017-06-06 09:37:13 Common not exists
2017-06-06 09:37:13 Finish!
2017-06-06 09:37:17 go into config
2017-06-06 09:37:17 go into if
2017-06-06 09:37:17 Common not exists
2017-06-06 09:37:17 Finish!
2017-06-06 09:37:33 go into config
2017-06-06 09:37:33 go into if
2017-06-06 09:37:33 Common not exists
2017-06-06 09:37:33 go into config
2017-06-06 09:37:33 go into if
2017-06-06 09:37:33 Common not exists
2017-06-06 09:37:33 go into config
2017-06-06 09:37:34 Finish!
2017-06-06 09:37:34 go into if
2017-06-06 09:37:34 Common not exists
2017-06-06 09:37:34 Finish!
2017-06-06 09:37:34 go into config
2017-06-06 09:37:34 go into if
2017-06-06 09:37:34 Common not exists
2017-06-06 09:37:34 Finish!
2017-06-06 09:37:38 go into config
2017-06-06 09:37:38 go into if
2017-06-06 09:37:38 Common not exists
2017-06-06 09:37:49 go into config
2017-06-06 09:37:49 go into if
2017-06-06 09:37:49 Common not exists
2017-06-06 09:37:54 go into config
2017-06-06 09:37:54 go into if
2017-06-06 09:37:54 Common not exists
2017-06-06 09:37:54 go into config
2017-06-06 09:37:54 go into if
2017-06-06 09:37:54 Common not exists
2017-06-06 09:37:54 go into config
2017-06-06 09:37:54 Finish!
2017-06-06 09:37:54 go into if
2017-06-06 09:37:54 Common not exists
2017-06-06 09:37:54 Finish!
2017-06-06 09:37:55 go into config
2017-06-06 09:37:55 go into if
2017-06-06 09:37:55 Common not exists
2017-06-06 09:37:55 Finish!
2017-06-06 09:37:57 go into config
2017-06-06 09:37:57 go into if
2017-06-06 09:37:57 Common not exists
2017-06-06 09:38:51 go into config
2017-06-06 09:38:51 go into if
2017-06-06 09:38:51 Common not exists
2017-06-06 09:38:52 go into config
2017-06-06 09:38:52 go into if
2017-06-06 09:38:52 Common not exists
2017-06-06 09:38:52 go into config
2017-06-06 09:38:52 Finish!
2017-06-06 09:38:52 go into if
2017-06-06 09:38:52 Common not exists
2017-06-06 09:38:52 Finish!
2017-06-06 09:38:52 go into config
2017-06-06 09:38:52 go into if
2017-06-06 09:38:52 Common not exists
2017-06-06 09:38:53 go into config
2017-06-06 09:38:53 Finish!
2017-06-06 09:38:53 go into if
2017-06-06 09:38:53 Common not exists
2017-06-06 09:38:53 Finish!
2017-06-06 09:38:53 go into config
2017-06-06 09:38:53 go into if
2017-06-06 09:38:53 Common not exists
2017-06-06 09:38:54 Finish!
2017-06-06 09:39:20 go into config
2017-06-06 09:39:20 go into if
2017-06-06 09:39:20 Common not exists
2017-06-06 09:39:20 go into config
2017-06-06 09:39:20 go into if
2017-06-06 09:39:20 Common not exists
2017-06-06 09:39:20 go into config
2017-06-06 09:39:20 go into config
2017-06-06 09:39:20 Finish!
2017-06-06 09:39:20 go into if
2017-06-06 09:39:20 Common not exists
2017-06-06 09:39:21 Finish!
2017-06-06 09:39:21 go into if
2017-06-06 09:39:21 Common not exists
2017-06-06 09:39:21 Finish!
2017-06-06 09:39:21 go into config
2017-06-06 09:39:21 go into if
2017-06-06 09:39:21 Common not exists
2017-06-06 09:39:21 Finish!
2017-06-06 09:39:26 go into config
2017-06-06 09:39:26 go into if
2017-06-06 09:39:26 Common not exists
2017-06-06 09:39:26 go into config
2017-06-06 09:39:26 go into if
2017-06-06 09:39:26 Common not exists
2017-06-06 09:39:27 Finish!
2017-06-06 09:39:33 go into config
2017-06-06 09:39:33 go into if
2017-06-06 09:39:33 Common not exists
2017-06-06 09:39:33 Finish!
2017-06-06 09:39:35 go into config
2017-06-06 09:39:35 go into if
2017-06-06 09:39:35 Common not exists
2017-06-06 09:39:36 Finish!
2017-06-06 09:39:38 go into config
2017-06-06 09:39:38 go into if
2017-06-06 09:39:38 Common not exists
2017-06-06 09:39:38 Finish!
2017-06-06 09:39:38 go into config
2017-06-06 09:39:38 go into if
2017-06-06 09:39:38 Common not exists
2017-06-06 09:39:39 go into config
2017-06-06 09:39:39 go into if
2017-06-06 09:39:39 Common not exists
2017-06-06 09:39:39 Finish!
2017-06-06 09:39:39 go into config
2017-06-06 09:39:39 go into if
2017-06-06 09:39:39 Common not exists
2017-06-06 09:39:39 go into config
2017-06-06 09:39:39 go into if
2017-06-06 09:39:39 Common not exists
2017-06-06 09:39:40 Finish!
2017-06-06 09:39:40 Finish!
2017-06-06 09:39:45 go into config
2017-06-06 09:39:45 go into if
2017-06-06 09:39:45 Common not exists
2017-06-06 09:39:50 go into config
2017-06-06 09:39:50 go into if
2017-06-06 09:39:50 Common not exists
2017-06-06 09:39:51 go into config
2017-06-06 09:39:51 go into if
2017-06-06 09:39:51 Common not exists
2017-06-06 09:39:51 Finish!
2017-06-06 09:39:52 go into config
2017-06-06 09:39:52 go into if
2017-06-06 09:39:52 Common not exists
2017-06-06 09:39:52 Finish!
2017-06-06 09:39:57 go into config
2017-06-06 09:39:57 go into if
2017-06-06 09:39:57 Common not exists
2017-06-06 09:39:58 go into config
2017-06-06 09:39:58 go into if
2017-06-06 09:39:58 Common not exists
2017-06-06 09:39:58 Finish!
2017-06-06 09:40:23 go into config
2017-06-06 09:40:23 go into if
2017-06-06 09:40:23 Common not exists
2017-06-06 09:40:24 go into config
2017-06-06 09:40:24 go into if
2017-06-06 09:40:24 Common not exists
2017-06-06 09:40:24 go into config
2017-06-06 09:40:24 go into config
2017-06-06 09:40:24 Finish!
2017-06-06 09:40:24 go into if
2017-06-06 09:40:24 Common not exists
2017-06-06 09:40:24 Finish!
2017-06-06 09:40:24 go into if
2017-06-06 09:40:24 Common not exists
2017-06-06 09:40:25 Finish!
2017-06-06 09:40:25 go into config
2017-06-06 09:40:25 go into if
2017-06-06 09:40:25 Common not exists
2017-06-06 09:40:25 Finish!
2017-06-06 09:40:41 go into config
2017-06-06 09:40:41 go into if
2017-06-06 09:40:41 Common not exists
2017-06-06 09:40:41 Finish!
2017-06-06 09:40:43 go into config
2017-06-06 09:40:43 go into if
2017-06-06 09:40:43 Common not exists
2017-06-06 09:40:43 go into config
2017-06-06 09:40:43 go into if
2017-06-06 09:40:43 Common not exists
2017-06-06 09:40:43 Finish!
2017-06-06 09:40:43 go into config
2017-06-06 09:40:43 go into if
2017-06-06 09:40:43 Common not exists
2017-06-06 09:40:44 Finish!
2017-06-06 09:40:46 go into config
2017-06-06 09:40:46 go into if
2017-06-06 09:40:46 Common not exists
2017-06-06 09:40:46 Finish!
2017-06-06 09:40:48 go into config
2017-06-06 09:40:48 go into if
2017-06-06 09:40:48 Common not exists
2017-06-06 09:40:48 go into config
2017-06-06 09:40:48 go into if
2017-06-06 09:40:48 Common not exists
2017-06-06 09:40:48 Finish!
2017-06-06 09:40:49 go into config
2017-06-06 09:40:49 go into if
2017-06-06 09:40:49 Common not exists
2017-06-06 09:40:49 Finish!
2017-06-06 09:40:49 go into config
2017-06-06 09:40:49 go into if
2017-06-06 09:40:49 Common not exists
2017-06-06 09:40:49 Finish!
2017-06-06 09:40:51 go into config
2017-06-06 09:40:51 go into if
2017-06-06 09:40:51 Common not exists
2017-06-06 09:40:51 Finish!
2017-06-06 09:40:52 go into config
2017-06-06 09:40:52 go into if
2017-06-06 09:40:52 Common not exists
2017-06-06 09:40:52 Finish!
2017-06-06 09:43:20 go into config
2017-06-06 09:43:20 go into if
2017-06-06 09:43:20 Common not exists
2017-06-06 09:43:20 Finish!
2017-06-06 09:43:22 go into config
2017-06-06 09:43:22 go into if
2017-06-06 09:43:22 Common not exists
2017-06-06 09:43:22 Finish!
2017-06-06 09:43:40 go into config
2017-06-06 09:43:40 go into if
2017-06-06 09:43:40 Common not exists
2017-06-06 09:43:40 Finish!
2017-06-06 09:44:17 go into config
2017-06-06 09:44:17 go into if
2017-06-06 09:44:17 Common not exists
2017-06-06 09:44:17 Finish!
2017-06-06 09:44:20 go into config
2017-06-06 09:44:20 go into if
2017-06-06 09:44:20 Common not exists
2017-06-06 09:44:20 Finish!
2017-06-06 09:44:24 go into config
2017-06-06 09:44:24 go into if
2017-06-06 09:44:24 Common not exists
2017-06-06 09:44:24 Finish!
2017-06-06 09:44:37 go into config
2017-06-06 09:44:37 go into if
2017-06-06 09:44:37 Common not exists
2017-06-06 09:44:37 Finish!
2017-06-06 09:44:37 go into config
2017-06-06 09:44:37 go into if
2017-06-06 09:44:37 Common not exists
2017-06-06 09:44:37 Finish!
2017-06-06 09:44:44 go into config
2017-06-06 09:44:44 go into if
2017-06-06 09:44:44 Common not exists
2017-06-06 09:44:44 Finish!
2017-06-06 09:44:52 go into config
2017-06-06 09:44:52 go into if
2017-06-06 09:44:52 Common not exists
2017-06-06 09:44:52 Finish!
2017-06-06 09:45:02 go into config
2017-06-06 09:45:02 go into if
2017-06-06 09:45:02 Common not exists
2017-06-06 09:45:02 Finish!
2017-06-06 09:45:03 go into config
2017-06-06 09:45:03 go into if
2017-06-06 09:45:03 Common not exists
2017-06-06 09:45:03 Finish!
2017-06-06 09:45:07 go into config
2017-06-06 09:45:07 go into if
2017-06-06 09:45:07 Common not exists
2017-06-06 09:45:07 Finish!
2017-06-06 09:45:08 go into config
2017-06-06 09:45:08 go into if
2017-06-06 09:45:08 Common not exists
2017-06-06 09:45:08 Finish!
2017-06-06 09:45:12 go into config
2017-06-06 09:45:12 go into if
2017-06-06 09:45:12 Common not exists
2017-06-06 09:45:12 Finish!
2017-06-06 09:45:12 go into config
2017-06-06 09:45:12 go into if
2017-06-06 09:45:12 Common not exists
2017-06-06 09:45:12 Finish!
2017-06-06 09:45:13 go into config
2017-06-06 09:45:13 go into if
2017-06-06 09:45:13 Common not exists
2017-06-06 09:45:13 Finish!
2017-06-06 09:45:14 go into config
2017-06-06 09:45:14 go into if
2017-06-06 09:45:14 Common not exists
2017-06-06 09:45:14 Finish!
2017-06-06 09:45:16 go into config
2017-06-06 09:45:16 go into if
2017-06-06 09:45:16 Common not exists
2017-06-06 09:45:16 go into config
2017-06-06 09:45:16 go into if
2017-06-06 09:45:16 Common not exists
2017-06-06 09:45:16 Finish!
2017-06-06 09:45:16 go into config
2017-06-06 09:45:16 go into if
2017-06-06 09:45:16 Common not exists
2017-06-06 09:45:17 Finish!
2017-06-06 09:45:20 go into config
2017-06-06 09:45:20 go into if
2017-06-06 09:45:20 Common not exists
2017-06-06 09:45:20 Finish!
2017-06-06 09:45:23 go into config
2017-06-06 09:45:23 go into if
2017-06-06 09:45:23 Common not exists
2017-06-06 09:45:23 go into config
2017-06-06 09:45:23 go into if
2017-06-06 09:45:23 Common not exists
2017-06-06 09:45:23 Finish!
2017-06-06 09:45:36 go into config
2017-06-06 09:45:36 go into if
2017-06-06 09:45:36 Common not exists
2017-06-06 09:45:36 go into config
2017-06-06 09:45:36 go into if
2017-06-06 09:45:36 Common not exists
2017-06-06 09:45:36 go into config
2017-06-06 09:45:37 Finish!
2017-06-06 09:45:37 go into if
2017-06-06 09:45:37 Common not exists
2017-06-06 09:45:37 Finish!
2017-06-06 09:45:37 go into config
2017-06-06 09:45:37 go into if
2017-06-06 09:45:37 Common not exists
2017-06-06 09:45:37 Finish!
2017-06-06 09:45:42 go into config
2017-06-06 09:45:42 go into if
2017-06-06 09:45:42 Common not exists
2017-06-06 09:45:42 Finish!
2017-06-06 09:45:43 go into config
2017-06-06 09:45:43 go into if
2017-06-06 09:45:43 Common not exists
2017-06-06 09:45:43 Finish!
2017-06-06 09:45:43 go into config
2017-06-06 09:45:43 go into if
2017-06-06 09:45:43 Common not exists
2017-06-06 09:45:43 Finish!
2017-06-06 09:45:51 go into config
2017-06-06 09:45:51 go into if
2017-06-06 09:45:51 Common not exists
2017-06-06 09:45:51 go into config
2017-06-06 09:45:51 go into if
2017-06-06 09:45:51 Common not exists
2017-06-06 09:45:52 Finish!
2017-06-06 09:45:54 go into config
2017-06-06 09:45:54 go into if
2017-06-06 09:45:54 Common not exists
2017-06-06 09:45:54 Finish!
2017-06-06 09:45:56 go into config
2017-06-06 09:45:56 go into if
2017-06-06 09:45:56 Common not exists
2017-06-06 09:45:57 Finish!
2017-06-06 09:46:03 go into config
2017-06-06 09:46:03 go into if
2017-06-06 09:46:03 Common not exists
2017-06-06 09:46:03 Finish!
2017-06-06 09:46:05 go into config
2017-06-06 09:46:05 go into if
2017-06-06 09:46:05 Common not exists
2017-06-06 09:46:05 Finish!
2017-06-06 09:46:07 go into config
2017-06-06 09:46:07 go into if
2017-06-06 09:46:07 Common not exists
2017-06-06 09:46:07 Finish!
2017-06-06 09:46:15 go into config
2017-06-06 09:46:15 go into if
2017-06-06 09:46:15 Common not exists
2017-06-06 09:46:15 Finish!
2017-06-06 09:46:18 go into config
2017-06-06 09:46:18 go into if
2017-06-06 09:46:18 Common not exists
2017-06-06 09:46:18 Finish!
2017-06-06 09:46:20 go into config
2017-06-06 09:46:20 go into if
2017-06-06 09:46:20 Common not exists
2017-06-06 09:46:20 Finish!
2017-06-06 09:46:22 go into config
2017-06-06 09:46:22 go into if
2017-06-06 09:46:22 Common not exists
2017-06-06 09:46:22 Finish!
2017-06-06 09:46:26 go into config
2017-06-06 09:46:26 go into if
2017-06-06 09:46:26 Common not exists
2017-06-06 09:46:27 go into config
2017-06-06 09:46:27 go into if
2017-06-06 09:46:27 Common not exists
2017-06-06 09:46:27 Finish!
2017-06-06 09:46:27 go into config
2017-06-06 09:46:27 go into if
2017-06-06 09:46:27 Common not exists
2017-06-06 09:46:28 Finish!
2017-06-06 09:46:30 go into config
2017-06-06 09:46:30 go into if
2017-06-06 09:46:30 Common not exists
2017-06-06 09:46:31 go into config
2017-06-06 09:46:31 go into if
2017-06-06 09:46:31 Common not exists
2017-06-06 09:46:31 Finish!
2017-06-06 09:46:54 go into config
2017-06-06 09:46:54 go into if
2017-06-06 09:46:54 Common not exists
2017-06-06 09:46:55 Finish!
2017-06-06 09:46:59 go into config
2017-06-06 09:46:59 go into if
2017-06-06 09:46:59 Common not exists
2017-06-06 09:46:59 go into config
2017-06-06 09:46:59 go into if
2017-06-06 09:46:59 Common not exists
2017-06-06 09:46:59 Finish!
2017-06-06 09:47:06 go into config
2017-06-06 09:47:06 go into if
2017-06-06 09:47:06 Common not exists
2017-06-06 09:47:06 Finish!
2017-06-06 09:47:28 go into config
2017-06-06 09:47:28 go into if
2017-06-06 09:47:28 Common not exists
2017-06-06 09:47:28 go into config
2017-06-06 09:47:28 Finish!
2017-06-06 09:47:28 go into if
2017-06-06 09:47:28 Common not exists
2017-06-06 09:47:28 Finish!
2017-06-06 09:47:28 go into config
2017-06-06 09:47:28 go into if
2017-06-06 09:47:28 Common not exists
2017-06-06 09:47:29 Finish!
2017-06-06 09:47:31 go into config
2017-06-06 09:47:31 go into if
2017-06-06 09:47:31 Common not exists
2017-06-06 09:47:32 go into config
2017-06-06 09:47:32 Finish!
2017-06-06 09:47:32 go into if
2017-06-06 09:47:32 Common not exists
2017-06-06 09:47:32 Finish!
2017-06-06 09:47:32 go into config
2017-06-06 09:47:32 go into if
2017-06-06 09:47:32 Common not exists
2017-06-06 09:47:32 Finish!
2017-06-06 09:47:34 go into config
2017-06-06 09:47:34 go into if
2017-06-06 09:47:34 Common not exists
2017-06-06 09:47:34 go into config
2017-06-06 09:47:34 Finish!
2017-06-06 09:47:34 go into if
2017-06-06 09:47:34 Common not exists
2017-06-06 09:47:34 Finish!
2017-06-06 09:47:41 go into config
2017-06-06 09:47:41 go into if
2017-06-06 09:47:41 Common not exists
2017-06-06 09:47:41 go into config
2017-06-06 09:47:41 go into if
2017-06-06 09:47:41 Common not exists
2017-06-06 09:47:42 Finish!
2017-06-06 09:47:42 go into config
2017-06-06 09:47:42 go into if
2017-06-06 09:47:42 Common not exists
2017-06-06 09:47:42 Finish!
2017-06-06 09:47:44 go into config
2017-06-06 09:47:44 go into if
2017-06-06 09:47:44 Common not exists
2017-06-06 09:47:45 go into config
2017-06-06 09:47:45 go into if
2017-06-06 09:47:45 Common not exists
2017-06-06 09:47:45 Finish!
2017-06-06 09:49:04 go into config
2017-06-06 09:49:04 go into if
2017-06-06 09:49:04 Common not exists
2017-06-06 09:49:04 Finish!
2017-06-06 09:49:04 go into config
2017-06-06 09:49:04 go into if
2017-06-06 09:49:04 Common not exists
2017-06-06 09:49:04 Finish!
2017-06-06 09:49:12 go into config
2017-06-06 09:49:12 go into if
2017-06-06 09:49:12 Common not exists
2017-06-06 09:49:12 Finish!
2017-06-06 09:49:44 go into config
2017-06-06 09:49:44 go into if
2017-06-06 09:49:44 Common not exists
2017-06-06 09:49:44 Finish!
2017-06-06 09:49:44 go into config
2017-06-06 09:49:44 go into if
2017-06-06 09:49:44 Common not exists
2017-06-06 09:49:44 Finish!
2017-06-06 09:49:45 go into config
2017-06-06 09:49:45 go into if
2017-06-06 09:49:45 Common not exists
2017-06-06 09:49:45 Finish!
2017-06-06 09:50:03 go into config
2017-06-06 09:50:03 go into if
2017-06-06 09:50:03 Common not exists
2017-06-06 09:50:03 Finish!
2017-06-06 09:50:03 go into config
2017-06-06 09:50:03 go into if
2017-06-06 09:50:03 Common not exists
2017-06-06 09:50:03 Finish!
2017-06-06 09:51:42 go into config
2017-06-06 09:51:42 go into if
2017-06-06 09:51:42 Common not exists
2017-06-06 09:51:42 Finish!
2017-06-06 09:51:42 go into config
2017-06-06 09:51:42 go into if
2017-06-06 09:51:42 Common not exists
2017-06-06 09:51:42 Finish!
2017-06-06 09:51:44 go into config
2017-06-06 09:51:44 go into if
2017-06-06 09:51:44 Common not exists
2017-06-06 09:51:44 Finish!
2017-06-06 09:51:47 go into config
2017-06-06 09:51:47 go into if
2017-06-06 09:51:47 Common not exists
2017-06-06 09:51:47 Finish!
2017-06-06 09:51:47 go into config
2017-06-06 09:51:47 go into if
2017-06-06 09:51:47 Common not exists
2017-06-06 09:51:47 Finish!
2017-06-06 09:51:51 go into config
2017-06-06 09:51:51 go into if
2017-06-06 09:51:51 Common not exists
2017-06-06 09:51:51 Finish!
2017-06-06 09:51:54 go into config
2017-06-06 09:51:54 go into if
2017-06-06 09:51:54 Common not exists
2017-06-06 09:51:54 Finish!
2017-06-06 09:52:29 go into config
2017-06-06 09:52:29 go into if
2017-06-06 09:52:29 Common not exists
2017-06-06 09:52:29 Finish!
2017-06-06 09:52:29 go into config
2017-06-06 09:52:29 go into if
2017-06-06 09:52:29 Common not exists
2017-06-06 09:52:29 Finish!
2017-06-06 09:52:33 go into config
2017-06-06 09:52:33 go into if
2017-06-06 09:52:33 Common not exists
2017-06-06 09:52:33 Finish!
2017-06-06 09:52:35 go into config
2017-06-06 09:52:35 go into if
2017-06-06 09:52:35 Common not exists
2017-06-06 09:52:35 Finish!
2017-06-06 09:53:38 go into config
2017-06-06 09:53:38 go into if
2017-06-06 09:53:38 Common not exists
2017-06-06 09:53:38 Finish!
2017-06-06 09:53:38 go into config
2017-06-06 09:53:38 go into if
2017-06-06 09:53:38 Common not exists
2017-06-06 09:53:38 Finish!
2017-06-06 09:53:41 go into config
2017-06-06 09:53:41 go into if
2017-06-06 09:53:41 Common not exists
2017-06-06 09:53:41 Finish!
2017-06-06 09:53:44 go into config
2017-06-06 09:53:44 go into if
2017-06-06 09:53:44 Common not exists
2017-06-06 09:53:44 Finish!
2017-06-06 09:53:44 go into config
2017-06-06 09:53:44 go into if
2017-06-06 09:53:44 Common not exists
2017-06-06 09:53:44 Finish!
2017-06-06 09:53:48 go into config
2017-06-06 09:53:48 go into if
2017-06-06 09:53:48 Common not exists
2017-06-06 09:53:48 Finish!
2017-06-06 09:53:52 go into config
2017-06-06 09:53:52 go into if
2017-06-06 09:53:52 Common not exists
2017-06-06 09:53:52 Finish!
2017-06-06 09:53:52 go into config
2017-06-06 09:53:52 go into if
2017-06-06 09:53:52 Common not exists
2017-06-06 09:53:52 Finish!
2017-06-06 09:53:53 go into config
2017-06-06 09:53:53 go into if
2017-06-06 09:53:53 Common not exists
2017-06-06 09:53:53 Finish!
2017-06-06 09:55:00 go into config
2017-06-06 09:55:00 go into if
2017-06-06 09:55:00 Common not exists
2017-06-06 09:55:00 Finish!
2017-06-06 09:55:00 go into config
2017-06-06 09:55:00 go into if
2017-06-06 09:55:00 Common not exists
2017-06-06 09:55:00 go into config
2017-06-06 09:55:00 go into if
2017-06-06 09:55:00 Common not exists
2017-06-06 09:55:00 Finish!
2017-06-06 09:55:03 go into config
2017-06-06 09:55:03 go into if
2017-06-06 09:55:03 Common not exists
2017-06-06 09:55:03 Finish!
2017-06-06 09:55:06 go into config
2017-06-06 09:55:06 go into if
2017-06-06 09:55:06 Common not exists
2017-06-06 09:55:06 Finish!
2017-06-06 09:55:06 go into config
2017-06-06 09:55:06 go into if
2017-06-06 09:55:06 Common not exists
2017-06-06 09:55:06 Finish!
2017-06-06 09:55:07 go into config
2017-06-06 09:55:07 go into if
2017-06-06 09:55:07 Common not exists
2017-06-06 09:55:07 Finish!
2017-06-06 09:55:10 go into config
2017-06-06 09:55:10 go into if
2017-06-06 09:55:10 Common not exists
2017-06-06 09:55:27 go into config
2017-06-06 09:55:27 go into if
2017-06-06 09:55:27 Common not exists
2017-06-06 09:55:27 Finish!
2017-06-06 09:56:51 go into config
2017-06-06 09:56:51 go into if
2017-06-06 09:56:51 Common not exists
2017-06-06 09:56:51 Finish!
2017-06-06 09:56:51 go into config
2017-06-06 09:56:51 go into if
2017-06-06 09:56:51 Common not exists
2017-06-06 09:56:51 Finish!
2017-06-06 09:56:52 go into config
2017-06-06 09:56:52 go into if
2017-06-06 09:56:52 Common not exists
2017-06-06 09:56:52 Finish!
2017-06-06 09:57:01 go into config
2017-06-06 09:57:01 go into if
2017-06-06 09:57:01 Common not exists
2017-06-06 09:57:16 go into config
2017-06-06 09:57:16 go into if
2017-06-06 09:57:16 Common not exists
2017-06-06 09:57:16 Finish!
2017-06-06 09:57:17 go into config
2017-06-06 09:57:17 go into if
2017-06-06 09:57:17 Common not exists
2017-06-06 09:57:17 Finish!
2017-06-06 09:57:19 go into config
2017-06-06 09:57:19 go into if
2017-06-06 09:57:19 Common not exists
2017-06-06 09:57:19 Finish!
2017-06-06 09:58:01 go into config
2017-06-06 09:58:01 go into if
2017-06-06 09:58:01 Common not exists
2017-06-06 09:58:01 Finish!
2017-06-06 09:58:01 go into config
2017-06-06 09:58:01 go into if
2017-06-06 09:58:01 Common not exists
2017-06-06 09:58:01 Finish!
2017-06-06 09:58:02 go into config
2017-06-06 09:58:02 go into if
2017-06-06 09:58:02 Common not exists
2017-06-06 09:58:02 Finish!
2017-06-06 09:58:06 go into config
2017-06-06 09:58:06 go into if
2017-06-06 09:58:06 Common not exists
2017-06-06 09:58:06 Finish!
